{"/home/travis/build/npmtest/node-npmtest-electrolyte/test.js":{"path":"/home/travis/build/npmtest/node-npmtest-electrolyte/test.js","s":{"1":2,"2":2,"3":2,"4":2,"5":2,"6":2,"7":2,"8":1,"9":2,"10":2,"11":1,"12":1,"13":1,"14":1,"15":2,"16":2,"17":2,"18":2,"19":1,"20":1,"21":2,"22":2,"23":2,"24":1,"25":1,"26":1,"27":1,"28":1,"29":1,"30":1,"31":1,"32":1,"33":1,"34":1,"35":1,"36":1,"37":1,"38":1,"39":2,"40":2,"41":1,"42":2,"43":2,"44":1,"45":2,"46":2,"47":1,"48":2,"49":2,"50":1,"51":1,"52":1,"53":1,"54":1},"b":{"1":[2,1,1,1],"2":[1,1,1,1],"3":[1,1],"4":[1,1],"5":[1,1],"6":[1,1],"7":[1,1],"8":[1,1],"9":[1,1],"10":[1,1,1],"11":[1,1],"12":[1,1],"13":[1,1],"14":[1,1],"15":[1,1],"16":[1,1],"17":[1,1]},"f":{"1":2,"2":2,"3":2,"4":2,"5":2,"6":1,"7":1,"8":1,"9":2,"10":2,"11":2,"12":2,"13":1},"fnMap":{"1":{"name":"(anonymous_1)","line":12,"loc":{"start":{"line":12,"column":1},"end":{"line":12,"column":13}}},"2":{"name":"(anonymous_2)","line":19,"loc":{"start":{"line":19,"column":5},"end":{"line":19,"column":17}}},"3":{"name":"(anonymous_3)","line":23,"loc":{"start":{"line":23,"column":24},"end":{"line":23,"column":36}}},"4":{"name":"(anonymous_4)","line":61,"loc":{"start":{"line":61,"column":5},"end":{"line":61,"column":17}}},"5":{"name":"(anonymous_5)","line":82,"loc":{"start":{"line":82,"column":5},"end":{"line":82,"column":17}}},"6":{"name":"(anonymous_6)","line":91,"loc":{"start":{"line":91,"column":77},"end":{"line":94,"column":10}}},"7":{"name":"(anonymous_7)","line":112,"loc":{"start":{"line":112,"column":83},"end":{"line":115,"column":10}},"skip":true},"8":{"name":"(anonymous_8)","line":123,"loc":{"start":{"line":123,"column":77},"end":{"line":126,"column":10}},"skip":true},"9":{"name":"(anonymous_9)","line":139,"loc":{"start":{"line":139,"column":12},"end":{"line":139,"column":40}},"skip":true},"10":{"name":"(anonymous_10)","line":147,"loc":{"start":{"line":147,"column":77},"end":{"line":150,"column":10}},"skip":true},"11":{"name":"(anonymous_11)","line":158,"loc":{"start":{"line":158,"column":83},"end":{"line":161,"column":10}},"skip":true},"12":{"name":"(anonymous_12)","line":169,"loc":{"start":{"line":169,"column":79},"end":{"line":172,"column":10}},"skip":true},"13":{"name":"(anonymous_13)","line":180,"loc":{"start":{"line":180,"column":75},"end":{"line":183,"column":10}},"skip":true}},"statementMap":{"1":{"start":{"line":12,"column":0},"end":{"line":195,"column":5}},"2":{"start":{"line":14,"column":4},"end":{"line":14,"column":14}},"3":{"start":{"line":19,"column":4},"end":{"line":56,"column":9}},"4":{"start":{"line":21,"column":8},"end":{"line":21,"column":19}},"5":{"start":{"line":23,"column":8},"end":{"line":35,"column":13}},"6":{"start":{"line":24,"column":12},"end":{"line":34,"column":13}},"7":{"start":{"line":25,"column":16},"end":{"line":28,"column":30}},"8":{"start":{"line":30,"column":16},"end":{"line":33,"column":27}},"9":{"start":{"line":37,"column":8},"end":{"line":39,"column":21}},"10":{"start":{"line":40,"column":8},"end":{"line":53,"column":9}},"11":{"start":{"line":43,"column":12},"end":{"line":46,"column":14}},"12":{"start":{"line":47,"column":12},"end":{"line":47,"column":18}},"13":{"start":{"line":50,"column":12},"end":{"line":51,"column":33}},"14":{"start":{"line":52,"column":12},"end":{"line":52,"column":18}},"15":{"start":{"line":55,"column":8},"end":{"line":55,"column":35}},"16":{"start":{"line":61,"column":4},"end":{"line":63,"column":9}},"17":{"start":{"line":62,"column":8},"end":{"line":62,"column":15}},"18":{"start":{"line":64,"column":4},"end":{"line":77,"column":5}},"19":{"start":{"line":70,"column":8},"end":{"line":70,"column":14}},"20":{"start":{"line":76,"column":8},"end":{"line":76,"column":14}},"21":{"start":{"line":82,"column":4},"end":{"line":84,"column":9}},"22":{"start":{"line":83,"column":8},"end":{"line":83,"column":15}},"23":{"start":{"line":85,"column":4},"end":{"line":194,"column":5}},"24":{"start":{"line":91,"column":8},"end":{"line":99,"column":10}},"25":{"start":{"line":98,"column":12},"end":{"line":98,"column":35}},"26":{"start":{"line":102,"column":8},"end":{"line":104,"column":63}},"27":{"start":{"line":105,"column":8},"end":{"line":105,"column":14}},"28":{"start":{"line":112,"column":8},"end":{"line":121,"column":10},"skip":true},"29":{"start":{"line":119,"column":12},"end":{"line":119,"column":55},"skip":true},"30":{"start":{"line":120,"column":12},"end":{"line":120,"column":48},"skip":true},"31":{"start":{"line":123,"column":8},"end":{"line":136,"column":10},"skip":true},"32":{"start":{"line":130,"column":12},"end":{"line":130,"column":76},"skip":true},"33":{"start":{"line":131,"column":12},"end":{"line":131,"column":73},"skip":true},"34":{"start":{"line":132,"column":12},"end":{"line":132,"column":74},"skip":true},"35":{"start":{"line":133,"column":12},"end":{"line":133,"column":79},"skip":true},"36":{"start":{"line":134,"column":12},"end":{"line":134,"column":25},"skip":true},"37":{"start":{"line":135,"column":12},"end":{"line":135,"column":45},"skip":true},"38":{"start":{"line":138,"column":8},"end":{"line":145,"column":14},"skip":true},"39":{"start":{"line":143,"column":16},"end":{"line":143,"column":29},"skip":true},"40":{"start":{"line":144,"column":16},"end":{"line":144,"column":55},"skip":true},"41":{"start":{"line":147,"column":8},"end":{"line":156,"column":10},"skip":true},"42":{"start":{"line":154,"column":12},"end":{"line":154,"column":25},"skip":true},"43":{"start":{"line":155,"column":12},"end":{"line":155,"column":45},"skip":true},"44":{"start":{"line":158,"column":8},"end":{"line":167,"column":10},"skip":true},"45":{"start":{"line":165,"column":12},"end":{"line":165,"column":25},"skip":true},"46":{"start":{"line":166,"column":12},"end":{"line":166,"column":48},"skip":true},"47":{"start":{"line":169,"column":8},"end":{"line":178,"column":10},"skip":true},"48":{"start":{"line":176,"column":12},"end":{"line":176,"column":25},"skip":true},"49":{"start":{"line":177,"column":12},"end":{"line":177,"column":46},"skip":true},"50":{"start":{"line":180,"column":8},"end":{"line":189,"column":10},"skip":true},"51":{"start":{"line":187,"column":12},"end":{"line":187,"column":94},"skip":true},"52":{"start":{"line":188,"column":12},"end":{"line":188,"column":48},"skip":true},"53":{"start":{"line":192,"column":8},"end":{"line":192,"column":35},"skip":true},"54":{"start":{"line":193,"column":8},"end":{"line":193,"column":14},"skip":true}},"branchMap":{"1":{"line":25,"type":"binary-expr","locations":[{"start":{"line":25,"column":23},"end":{"line":25,"column":62}},{"start":{"line":26,"column":20},"end":{"line":26,"column":70}},{"start":{"line":27,"column":20},"end":{"line":27,"column":71}},{"start":{"line":28,"column":20},"end":{"line":28,"column":29}}]},"2":{"line":30,"type":"binary-expr","locations":[{"start":{"line":30,"column":23},"end":{"line":30,"column":37}},{"start":{"line":31,"column":20},"end":{"line":31,"column":61}},{"start":{"line":32,"column":20},"end":{"line":32,"column":70}},{"start":{"line":33,"column":20},"end":{"line":33,"column":26}}]},"3":{"line":37,"type":"cond-expr","locations":[{"start":{"line":38,"column":14},"end":{"line":38,"column":20}},{"start":{"line":39,"column":14},"end":{"line":39,"column":20}}]},"4":{"line":40,"type":"switch","locations":[{"start":{"line":42,"column":8},"end":{"line":47,"column":18}},{"start":{"line":49,"column":8},"end":{"line":52,"column":18}}]},"5":{"line":44,"type":"binary-expr","locations":[{"start":{"line":44,"column":16},"end":{"line":44,"column":44}},{"start":{"line":44,"column":48},"end":{"line":44,"column":66}}]},"6":{"line":50,"type":"binary-expr","locations":[{"start":{"line":50,"column":21},"end":{"line":50,"column":49}},{"start":{"line":50,"column":53},"end":{"line":50,"column":72}}]},"7":{"line":64,"type":"switch","locations":[{"start":{"line":69,"column":4},"end":{"line":70,"column":14}},{"start":{"line":75,"column":4},"end":{"line":76,"column":14}}]},"8":{"line":85,"type":"switch","locations":[{"start":{"line":90,"column":4},"end":{"line":105,"column":14}},{"start":{"line":111,"column":4},"end":{"line":193,"column":14},"skip":true}]},"9":{"line":91,"type":"binary-expr","locations":[{"start":{"line":91,"column":42},"end":{"line":91,"column":73}},{"start":{"line":91,"column":77},"end":{"line":99,"column":9}}]},"10":{"line":102,"type":"binary-expr","locations":[{"start":{"line":102,"column":18},"end":{"line":102,"column":32}},{"start":{"line":103,"column":12},"end":{"line":103,"column":53}},{"start":{"line":104,"column":12},"end":{"line":104,"column":61}}]},"11":{"line":112,"type":"binary-expr","locations":[{"start":{"line":112,"column":45},"end":{"line":112,"column":79},"skip":true},{"start":{"line":112,"column":83},"end":{"line":121,"column":9},"skip":true}]},"12":{"line":123,"type":"binary-expr","locations":[{"start":{"line":123,"column":42},"end":{"line":123,"column":73},"skip":true},{"start":{"line":123,"column":77},"end":{"line":136,"column":9},"skip":true}]},"13":{"line":138,"type":"binary-expr","locations":[{"start":{"line":138,"column":48},"end":{"line":138,"column":85},"skip":true},{"start":{"line":139,"column":12},"end":{"line":145,"column":13},"skip":true}]},"14":{"line":147,"type":"binary-expr","locations":[{"start":{"line":147,"column":42},"end":{"line":147,"column":73},"skip":true},{"start":{"line":147,"column":77},"end":{"line":156,"column":9},"skip":true}]},"15":{"line":158,"type":"binary-expr","locations":[{"start":{"line":158,"column":45},"end":{"line":158,"column":79},"skip":true},{"start":{"line":158,"column":83},"end":{"line":167,"column":9},"skip":true}]},"16":{"line":169,"type":"binary-expr","locations":[{"start":{"line":169,"column":43},"end":{"line":169,"column":75},"skip":true},{"start":{"line":169,"column":79},"end":{"line":178,"column":9},"skip":true}]},"17":{"line":180,"type":"binary-expr","locations":[{"start":{"line":180,"column":41},"end":{"line":180,"column":71},"skip":true},{"start":{"line":180,"column":75},"end":{"line":189,"column":9},"skip":true}]}},"code":["/* istanbul instrument in package npmtest_electrolyte */","/*jslint","    bitwise: true,","    browser: true,","    maxerr: 8,","    maxlen: 96,","    node: true,","    nomen: true,","    regexp: true,","    stupid: true","*/","(function () {","    'use strict';","    var local;","","","","    // run shared js-env code - init-before","    (function () {","        // init local","        local = {};","        // init modeJs","        local.modeJs = (function () {","            try {","                return typeof navigator.userAgent === 'string' &&","                    typeof document.querySelector('body') === 'object' &&","                    typeof XMLHttpRequest.prototype.open === 'function' &&","                    'browser';","            } catch (errorCaughtBrowser) {","                return module.exports &&","                    typeof process.versions.node === 'string' &&","                    typeof require('http').createServer === 'function' &&","                    'node';","            }","        }());","        // init global","        local.global = local.modeJs === 'browser'","            ? window","            : global;","        switch (local.modeJs) {","        // re-init local from window.local","        case 'browser':","            local = local.global.utility2.objectSetDefault(","                local.global.utility2_rollup || local.global.local,","                local.global.utility2","            );","            break;","        // re-init local from example.js","        case 'node':","            local = (local.global.utility2_rollup || require('utility2'))","                .requireReadme();","            break;","        }","        // export local","        local.global.local = local;","    }());","","","","    // run shared js-env code - function","    (function () {","        return;","    }());","    switch (local.modeJs) {","","","","    // run browser js-env code - function","    case 'browser':","        break;","","","","    // run node js-env code - function","    case 'node':","        break;","    }","","","","    // run shared js-env code - init-after","    (function () {","        return;","    }());","    switch (local.modeJs) {","","","","    // run browser js-env code - init-after","    case 'browser':","        local.testCase_browser_nullCase = local.testCase_browser_nullCase || function (","            options,","            onError","        ) {","        /*","         * this function will test browsers's null-case handling-behavior-behavior","         */","            onError(null, options);","        };","","        // run tests","        local.nop(local.modeTest &&","            document.querySelector('#testRunButton1') &&","            document.querySelector('#testRunButton1').click());","        break;","","","","    // run node js-env code - init-after","    /* istanbul ignore next */","    case 'node':","        local.testCase_buildApidoc_default = local.testCase_buildApidoc_default || function (","            options,","            onError","        ) {","        /*","         * this function will test buildApidoc's default handling-behavior-behavior","         */","            options = { modulePathList: module.paths };","            local.buildApidoc(options, onError);","        };","","        local.testCase_buildApp_default = local.testCase_buildApp_default || function (","            options,","            onError","        ) {","        /*","         * this function will test buildApp's default handling-behavior-behavior","         */","            local.testCase_buildReadme_default(options, local.onErrorThrow);","            local.testCase_buildLib_default(options, local.onErrorThrow);","            local.testCase_buildTest_default(options, local.onErrorThrow);","            local.testCase_buildCustomOrg_default(options, local.onErrorThrow);","            options = [];","            local.buildApp(options, onError);","        };","","        local.testCase_buildCustomOrg_default = local.testCase_buildCustomOrg_default ||","            function (options, onError) {","            /*","             * this function will test buildCustomOrg's default handling-behavior","             */","                options = {};","                local.buildCustomOrg(options, onError);","            };","","        local.testCase_buildLib_default = local.testCase_buildLib_default || function (","            options,","            onError","        ) {","        /*","         * this function will test buildLib's default handling-behavior","         */","            options = {};","            local.buildLib(options, onError);","        };","","        local.testCase_buildReadme_default = local.testCase_buildReadme_default || function (","            options,","            onError","        ) {","        /*","         * this function will test buildReadme's default handling-behavior-behavior","         */","            options = {};","            local.buildReadme(options, onError);","        };","","        local.testCase_buildTest_default = local.testCase_buildTest_default || function (","            options,","            onError","        ) {","        /*","         * this function will test buildTest's default handling-behavior","         */","            options = {};","            local.buildTest(options, onError);","        };","","        local.testCase_webpage_default = local.testCase_webpage_default || function (","            options,","            onError","        ) {","        /*","         * this function will test webpage's default handling-behavior","         */","            options = { modeCoverageMerge: true, url: local.serverLocalHost + '?modeTest=1' };","            local.browserTest(options, onError);","        };","","        // run test-server","        local.testRunServer(local);","        break;","    }","}());",""],"l":{"12":2,"14":2,"19":2,"21":2,"23":2,"24":2,"25":2,"30":1,"37":2,"40":2,"43":1,"47":1,"50":1,"52":1,"55":2,"61":2,"62":2,"64":2,"70":1,"76":1,"82":2,"83":2,"85":2,"91":1,"98":1,"102":1,"105":1,"112":1,"119":1,"120":1,"123":1,"130":1,"131":1,"132":1,"133":1,"134":1,"135":1,"138":1,"143":2,"144":2,"147":1,"154":2,"155":2,"158":1,"165":2,"166":2,"169":1,"176":2,"177":2,"180":1,"187":1,"188":1,"192":1,"193":1}},"/home/travis/build/npmtest/node-npmtest-electrolyte/lib.npmtest_electrolyte.js":{"path":"/home/travis/build/npmtest/node-npmtest-electrolyte/lib.npmtest_electrolyte.js","s":{"1":2,"2":2,"3":2,"4":2,"5":2,"6":2,"7":2,"8":1,"9":2,"10":2,"11":2,"12":2,"13":1,"14":1,"15":1,"16":1},"b":{"1":[2,1,1,1],"2":[1,1,1,1],"3":[1,1],"4":[2,2],"5":[1,1]},"f":{"1":2,"2":2,"3":2},"fnMap":{"1":{"name":"(anonymous_1)","line":12,"loc":{"start":{"line":12,"column":1},"end":{"line":12,"column":13}}},"2":{"name":"(anonymous_2)","line":19,"loc":{"start":{"line":19,"column":5},"end":{"line":19,"column":17}}},"3":{"name":"(anonymous_3)","line":23,"loc":{"start":{"line":23,"column":24},"end":{"line":23,"column":36}}}},"statementMap":{"1":{"start":{"line":12,"column":0},"end":{"line":53,"column":5}},"2":{"start":{"line":14,"column":4},"end":{"line":14,"column":14}},"3":{"start":{"line":19,"column":4},"end":{"line":52,"column":9}},"4":{"start":{"line":21,"column":8},"end":{"line":21,"column":19}},"5":{"start":{"line":23,"column":8},"end":{"line":35,"column":13}},"6":{"start":{"line":24,"column":12},"end":{"line":34,"column":13}},"7":{"start":{"line":25,"column":16},"end":{"line":28,"column":30}},"8":{"start":{"line":30,"column":16},"end":{"line":33,"column":27}},"9":{"start":{"line":37,"column":8},"end":{"line":39,"column":21}},"10":{"start":{"line":41,"column":8},"end":{"line":41,"column":54}},"11":{"start":{"line":43,"column":8},"end":{"line":43,"column":56}},"12":{"start":{"line":45,"column":8},"end":{"line":51,"column":9}},"13":{"start":{"line":46,"column":12},"end":{"line":46,"column":62}},"14":{"start":{"line":48,"column":12},"end":{"line":48,"column":35}},"15":{"start":{"line":49,"column":12},"end":{"line":49,"column":49}},"16":{"start":{"line":50,"column":12},"end":{"line":50,"column":43}}},"branchMap":{"1":{"line":25,"type":"binary-expr","locations":[{"start":{"line":25,"column":23},"end":{"line":25,"column":62}},{"start":{"line":26,"column":20},"end":{"line":26,"column":70}},{"start":{"line":27,"column":20},"end":{"line":27,"column":71}},{"start":{"line":28,"column":20},"end":{"line":28,"column":29}}]},"2":{"line":30,"type":"binary-expr","locations":[{"start":{"line":30,"column":23},"end":{"line":30,"column":37}},{"start":{"line":31,"column":20},"end":{"line":31,"column":61}},{"start":{"line":32,"column":20},"end":{"line":32,"column":70}},{"start":{"line":33,"column":20},"end":{"line":33,"column":26}}]},"3":{"line":37,"type":"cond-expr","locations":[{"start":{"line":38,"column":14},"end":{"line":38,"column":20}},{"start":{"line":39,"column":14},"end":{"line":39,"column":20}}]},"4":{"line":41,"type":"binary-expr","locations":[{"start":{"line":41,"column":16},"end":{"line":41,"column":44}},{"start":{"line":41,"column":48},"end":{"line":41,"column":53}}]},"5":{"line":45,"type":"if","locations":[{"start":{"line":45,"column":8},"end":{"line":45,"column":8}},{"start":{"line":45,"column":8},"end":{"line":45,"column":8}}]}},"code":["/* istanbul instrument in package npmtest_electrolyte */","/*jslint","    bitwise: true,","    browser: true,","    maxerr: 8,","    maxlen: 96,","    node: true,","    nomen: true,","    regexp: true,","    stupid: true","*/","(function () {","    'use strict';","    var local;","","","","    // run shared js-env code - init-before","    (function () {","        // init local","        local = {};","        // init modeJs","        local.modeJs = (function () {","            try {","                return typeof navigator.userAgent === 'string' &&","                    typeof document.querySelector('body') === 'object' &&","                    typeof XMLHttpRequest.prototype.open === 'function' &&","                    'browser';","            } catch (errorCaughtBrowser) {","                return module.exports &&","                    typeof process.versions.node === 'string' &&","                    typeof require('http').createServer === 'function' &&","                    'node';","            }","        }());","        // init global","        local.global = local.modeJs === 'browser'","            ? window","            : global;","        // init utility2_rollup","        local = local.global.utility2_rollup || local;","        // init lib","        local.local = local.npmtest_electrolyte = local;","        // init exports","        if (local.modeJs === 'browser') {","            local.global.utility2_npmtest_electrolyte = local;","        } else {","            module.exports = local;","            module.exports.__dirname = __dirname;","            module.exports.module = module;","        }","    }());","}());",""],"l":{"12":2,"14":2,"19":2,"21":2,"23":2,"24":2,"25":2,"30":1,"37":2,"41":2,"43":2,"45":2,"46":1,"48":1,"49":1,"50":1}},"/home/travis/build/npmtest/node-npmtest-electrolyte/example.js":{"path":"/home/travis/build/npmtest/node-npmtest-electrolyte/example.js","s":{"1":2,"2":2,"3":2,"4":2,"5":2,"6":2,"7":2,"8":1,"9":2,"10":2,"11":2,"12":2,"13":1,"14":2,"15":2,"16":2,"17":2,"18":2,"19":0,"20":2,"21":1,"22":1,"23":1,"24":1,"25":1,"26":0,"27":0,"28":1,"29":1,"30":2,"31":0,"32":0,"33":0,"34":1,"35":2,"36":2,"37":3,"38":3,"39":3,"40":3,"41":0,"42":3,"43":3,"44":3,"45":1,"46":3,"47":1,"48":1,"49":1,"50":1,"51":1,"52":1,"53":1,"54":1,"55":1,"56":1,"57":0,"58":1,"59":6,"60":6,"61":1,"62":2,"63":0,"64":2,"65":1,"66":1,"67":0,"68":0,"69":0,"70":0,"71":0,"72":0,"73":0,"74":0,"75":0,"76":0,"77":0,"78":0,"79":0,"80":0,"81":0,"82":0,"83":0},"b":{"1":[2,1,1,1],"2":[1,1,1,1],"3":[1,1],"4":[2,2],"5":[1,1],"6":[1,1],"7":[2,0],"8":[2,1,1,1,1,1],"9":[0,2,0],"10":[1,1],"11":[2,1,1],"12":[1,0],"13":[0,2],"14":[2,0,0,0,0,0,0],"15":[0,3],"16":[3,0],"17":[1,1],"18":[0,1],"19":[1,2,0,2],"20":[1,0],"21":[1,1],"22":[0,0],"23":[0,0],"24":[0,0],"25":[0,0],"26":[0,0],"27":[0,0],"28":[0,0]},"f":{"1":2,"2":2,"3":2,"4":2,"5":2,"6":2,"7":3,"8":3,"9":3,"10":1,"11":6,"12":0},"fnMap":{"1":{"name":"(anonymous_1)","line":26,"loc":{"start":{"line":26,"column":1},"end":{"line":26,"column":13}}},"2":{"name":"(anonymous_2)","line":33,"loc":{"start":{"line":33,"column":5},"end":{"line":33,"column":17}}},"3":{"name":"(anonymous_3)","line":37,"loc":{"start":{"line":37,"column":24},"end":{"line":37,"column":36}}},"4":{"name":"(anonymous_4)","line":69,"loc":{"start":{"line":69,"column":31},"end":{"line":69,"column":48}},"skip":true},"5":{"name":"(anonymous_5)","line":78,"loc":{"start":{"line":78,"column":26},"end":{"line":78,"column":45}},"skip":true},"6":{"name":"(anonymous_6)","line":123,"loc":{"start":{"line":123,"column":33},"end":{"line":123,"column":48}},"skip":true},"7":{"name":"(anonymous_7)","line":125,"loc":{"start":{"line":125,"column":27},"end":{"line":125,"column":39}},"skip":true},"8":{"name":"(anonymous_8)","line":133,"loc":{"start":{"line":133,"column":59},"end":{"line":133,"column":74}},"skip":true},"9":{"name":"(anonymous_9)","line":143,"loc":{"start":{"line":143,"column":45},"end":{"line":143,"column":62}},"skip":true},"10":{"name":"(anonymous_10)","line":144,"loc":{"start":{"line":144,"column":73},"end":{"line":144,"column":92}},"skip":true},"11":{"name":"(anonymous_11)","line":272,"loc":{"start":{"line":272,"column":51},"end":{"line":272,"column":77}},"skip":true},"12":{"name":"(anonymous_12)","line":315,"loc":{"start":{"line":315,"column":32},"end":{"line":315,"column":61}},"skip":true}},"statementMap":{"1":{"start":{"line":26,"column":0},"end":{"line":326,"column":5}},"2":{"start":{"line":28,"column":4},"end":{"line":28,"column":14}},"3":{"start":{"line":33,"column":4},"end":{"line":60,"column":9}},"4":{"start":{"line":35,"column":8},"end":{"line":35,"column":19}},"5":{"start":{"line":37,"column":8},"end":{"line":49,"column":13}},"6":{"start":{"line":38,"column":12},"end":{"line":48,"column":13}},"7":{"start":{"line":39,"column":16},"end":{"line":42,"column":30}},"8":{"start":{"line":44,"column":16},"end":{"line":47,"column":27}},"9":{"start":{"line":51,"column":8},"end":{"line":53,"column":21}},"10":{"start":{"line":55,"column":8},"end":{"line":57,"column":45}},"11":{"start":{"line":59,"column":8},"end":{"line":59,"column":35}},"12":{"start":{"line":61,"column":4},"end":{"line":325,"column":5}},"13":{"start":{"line":69,"column":8},"end":{"line":121,"column":10},"skip":true},"14":{"start":{"line":70,"column":12},"end":{"line":88,"column":13},"skip":true},"15":{"start":{"line":76,"column":16},"end":{"line":87,"column":19},"skip":true},"16":{"start":{"line":79,"column":20},"end":{"line":86,"column":21},"skip":true},"17":{"start":{"line":82,"column":24},"end":{"line":82,"column":43},"skip":true},"18":{"start":{"line":83,"column":24},"end":{"line":83,"column":30},"skip":true},"19":{"start":{"line":85,"column":24},"end":{"line":85,"column":49},"skip":true},"20":{"start":{"line":89,"column":12},"end":{"line":107,"column":13},"skip":true},"21":{"start":{"line":92,"column":16},"end":{"line":102,"column":17},"skip":true},"22":{"start":{"line":93,"column":20},"end":{"line":93,"column":86},"skip":true},"23":{"start":{"line":94,"column":20},"end":{"line":95,"column":45},"skip":true},"24":{"start":{"line":96,"column":20},"end":{"line":96,"column":42},"skip":true},"25":{"start":{"line":97,"column":20},"end":{"line":97,"column":48},"skip":true},"26":{"start":{"line":100,"column":20},"end":{"line":100,"column":85},"skip":true},"27":{"start":{"line":101,"column":20},"end":{"line":101,"column":96},"skip":true},"28":{"start":{"line":103,"column":16},"end":{"line":103,"column":22},"skip":true},"29":{"start":{"line":106,"column":16},"end":{"line":106,"column":22},"skip":true},"30":{"start":{"line":108,"column":12},"end":{"line":120,"column":13},"skip":true},"31":{"start":{"line":114,"column":16},"end":{"line":119,"column":17},"skip":true},"32":{"start":{"line":116,"column":20},"end":{"line":116,"column":78},"skip":true},"33":{"start":{"line":118,"column":20},"end":{"line":118,"column":47},"skip":true},"34":{"start":{"line":123,"column":8},"end":{"line":141,"column":11},"skip":true},"35":{"start":{"line":124,"column":12},"end":{"line":124,"column":54},"skip":true},"36":{"start":{"line":125,"column":12},"end":{"line":140,"column":14},"skip":true},"37":{"start":{"line":126,"column":16},"end":{"line":126,"column":28},"skip":true},"38":{"start":{"line":127,"column":16},"end":{"line":127,"column":69},"skip":true},"39":{"start":{"line":128,"column":16},"end":{"line":128,"column":75},"skip":true},"40":{"start":{"line":129,"column":16},"end":{"line":131,"column":17},"skip":true},"41":{"start":{"line":130,"column":20},"end":{"line":130,"column":27},"skip":true},"42":{"start":{"line":133,"column":16},"end":{"line":137,"column":36},"skip":true},"43":{"start":{"line":134,"column":20},"end":{"line":136,"column":55},"skip":true},"44":{"start":{"line":139,"column":16},"end":{"line":139,"column":57},"skip":true},"45":{"start":{"line":143,"column":8},"end":{"line":147,"column":11},"skip":true},"46":{"start":{"line":144,"column":12},"end":{"line":146,"column":15},"skip":true},"47":{"start":{"line":145,"column":16},"end":{"line":145,"column":70},"skip":true},"48":{"start":{"line":149,"column":8},"end":{"line":149,"column":31},"skip":true},"49":{"start":{"line":150,"column":8},"end":{"line":150,"column":14},"skip":true},"50":{"start":{"line":158,"column":8},"end":{"line":158,"column":31},"skip":true},"51":{"start":{"line":160,"column":8},"end":{"line":160,"column":33},"skip":true},"52":{"start":{"line":161,"column":8},"end":{"line":161,"column":37},"skip":true},"53":{"start":{"line":162,"column":8},"end":{"line":162,"column":35},"skip":true},"54":{"start":{"line":164,"column":8},"end":{"line":164,"column":50},"skip":true},"55":{"start":{"line":166,"column":8},"end":{"line":256,"column":2},"skip":true},"56":{"start":{"line":258,"column":8},"end":{"line":286,"column":9},"skip":true},"57":{"start":{"line":259,"column":12},"end":{"line":269,"column":14},"skip":true},"58":{"start":{"line":271,"column":12},"end":{"line":285,"column":19},"skip":true},"59":{"start":{"line":274,"column":20},"end":{"line":274,"column":35},"skip":true},"60":{"start":{"line":275,"column":20},"end":{"line":284,"column":21},"skip":true},"61":{"start":{"line":277,"column":24},"end":{"line":277,"column":64},"skip":true},"62":{"start":{"line":279,"column":24},"end":{"line":279,"column":40},"skip":true},"63":{"start":{"line":281,"column":24},"end":{"line":281,"column":40},"skip":true},"64":{"start":{"line":283,"column":24},"end":{"line":283,"column":39},"skip":true},"65":{"start":{"line":288,"column":8},"end":{"line":290,"column":9},"skip":true},"66":{"start":{"line":289,"column":12},"end":{"line":289,"column":18},"skip":true},"67":{"start":{"line":291,"column":8},"end":{"line":293,"column":54},"skip":true},"68":{"start":{"line":296,"column":8},"end":{"line":301,"column":37},"skip":true},"69":{"start":{"line":303,"column":8},"end":{"line":303,"column":82},"skip":true},"70":{"start":{"line":306,"column":8},"end":{"line":308,"column":9},"skip":true},"71":{"start":{"line":307,"column":12},"end":{"line":307,"column":82},"skip":true},"72":{"start":{"line":310,"column":8},"end":{"line":312,"column":9},"skip":true},"73":{"start":{"line":311,"column":12},"end":{"line":311,"column":18},"skip":true},"74":{"start":{"line":313,"column":8},"end":{"line":313,"column":54},"skip":true},"75":{"start":{"line":314,"column":8},"end":{"line":314,"column":69},"skip":true},"76":{"start":{"line":315,"column":8},"end":{"line":323,"column":36},"skip":true},"77":{"start":{"line":316,"column":12},"end":{"line":316,"column":61},"skip":true},"78":{"start":{"line":317,"column":12},"end":{"line":320,"column":13},"skip":true},"79":{"start":{"line":318,"column":16},"end":{"line":318,"column":75},"skip":true},"80":{"start":{"line":319,"column":16},"end":{"line":319,"column":23},"skip":true},"81":{"start":{"line":321,"column":12},"end":{"line":321,"column":38},"skip":true},"82":{"start":{"line":322,"column":12},"end":{"line":322,"column":27},"skip":true},"83":{"start":{"line":324,"column":8},"end":{"line":324,"column":14},"skip":true}},"branchMap":{"1":{"line":39,"type":"binary-expr","locations":[{"start":{"line":39,"column":23},"end":{"line":39,"column":62}},{"start":{"line":40,"column":20},"end":{"line":40,"column":70}},{"start":{"line":41,"column":20},"end":{"line":41,"column":71}},{"start":{"line":42,"column":20},"end":{"line":42,"column":29}}]},"2":{"line":44,"type":"binary-expr","locations":[{"start":{"line":44,"column":23},"end":{"line":44,"column":37}},{"start":{"line":45,"column":20},"end":{"line":45,"column":61}},{"start":{"line":46,"column":20},"end":{"line":46,"column":70}},{"start":{"line":47,"column":20},"end":{"line":47,"column":26}}]},"3":{"line":51,"type":"cond-expr","locations":[{"start":{"line":52,"column":14},"end":{"line":52,"column":20}},{"start":{"line":53,"column":14},"end":{"line":53,"column":20}}]},"4":{"line":55,"type":"binary-expr","locations":[{"start":{"line":55,"column":16},"end":{"line":55,"column":44}},{"start":{"line":55,"column":49},"end":{"line":57,"column":43}}]},"5":{"line":55,"type":"cond-expr","locations":[{"start":{"line":56,"column":14},"end":{"line":56,"column":55}},{"start":{"line":57,"column":14},"end":{"line":57,"column":43}}]},"6":{"line":61,"type":"switch","locations":[{"start":{"line":68,"column":4},"end":{"line":150,"column":14},"skip":true},{"start":{"line":156,"column":4},"end":{"line":324,"column":14},"skip":true}]},"7":{"line":70,"type":"if","locations":[{"start":{"line":70,"column":12},"end":{"line":70,"column":12},"skip":true},{"start":{"line":70,"column":12},"end":{"line":70,"column":12},"skip":true}]},"8":{"line":70,"type":"binary-expr","locations":[{"start":{"line":70,"column":16},"end":{"line":70,"column":22},"skip":true},{"start":{"line":70,"column":27},"end":{"line":70,"column":32},"skip":true},{"start":{"line":71,"column":20},"end":{"line":71,"column":39},"skip":true},{"start":{"line":72,"column":20},"end":{"line":72,"column":49},"skip":true},{"start":{"line":73,"column":20},"end":{"line":73,"column":58},"skip":true},{"start":{"line":74,"column":20},"end":{"line":74,"column":69},"skip":true}]},"9":{"line":79,"type":"switch","locations":[{"start":{"line":80,"column":20},"end":{"line":80,"column":33},"skip":true},{"start":{"line":81,"column":20},"end":{"line":83,"column":30},"skip":true},{"start":{"line":84,"column":20},"end":{"line":85,"column":49},"skip":true}]},"10":{"line":89,"type":"switch","locations":[{"start":{"line":90,"column":12},"end":{"line":103,"column":22},"skip":true},{"start":{"line":105,"column":12},"end":{"line":106,"column":22},"skip":true}]},"11":{"line":89,"type":"binary-expr","locations":[{"start":{"line":89,"column":20},"end":{"line":89,"column":25},"skip":true},{"start":{"line":89,"column":29},"end":{"line":89,"column":48},"skip":true},{"start":{"line":89,"column":52},"end":{"line":89,"column":74},"skip":true}]},"12":{"line":92,"type":"if","locations":[{"start":{"line":92,"column":16},"end":{"line":92,"column":16},"skip":true},{"start":{"line":92,"column":16},"end":{"line":92,"column":16},"skip":true}]},"13":{"line":108,"type":"if","locations":[{"start":{"line":108,"column":12},"end":{"line":108,"column":12},"skip":true},{"start":{"line":108,"column":12},"end":{"line":108,"column":12},"skip":true}]},"14":{"line":108,"type":"binary-expr","locations":[{"start":{"line":108,"column":16},"end":{"line":108,"column":61},"skip":true},{"start":{"line":108,"column":66},"end":{"line":108,"column":72},"skip":true},{"start":{"line":108,"column":77},"end":{"line":108,"column":82},"skip":true},{"start":{"line":109,"column":20},"end":{"line":109,"column":39},"skip":true},{"start":{"line":110,"column":20},"end":{"line":110,"column":49},"skip":true},{"start":{"line":111,"column":20},"end":{"line":111,"column":58},"skip":true},{"start":{"line":112,"column":20},"end":{"line":112,"column":68},"skip":true}]},"15":{"line":129,"type":"if","locations":[{"start":{"line":129,"column":16},"end":{"line":129,"column":16},"skip":true},{"start":{"line":129,"column":16},"end":{"line":129,"column":16},"skip":true}]},"16":{"line":134,"type":"cond-expr","locations":[{"start":{"line":135,"column":26},"end":{"line":135,"column":29},"skip":true},{"start":{"line":136,"column":26},"end":{"line":136,"column":54},"skip":true}]},"17":{"line":164,"type":"binary-expr","locations":[{"start":{"line":164,"column":27},"end":{"line":164,"column":43},"skip":true},{"start":{"line":164,"column":47},"end":{"line":164,"column":49},"skip":true}]},"18":{"line":258,"type":"if","locations":[{"start":{"line":258,"column":8},"end":{"line":258,"column":8},"skip":true},{"start":{"line":258,"column":8},"end":{"line":258,"column":8},"skip":true}]},"19":{"line":275,"type":"switch","locations":[{"start":{"line":276,"column":20},"end":{"line":277,"column":64},"skip":true},{"start":{"line":278,"column":20},"end":{"line":279,"column":40},"skip":true},{"start":{"line":280,"column":20},"end":{"line":281,"column":40},"skip":true},{"start":{"line":282,"column":20},"end":{"line":283,"column":39},"skip":true}]},"20":{"line":288,"type":"if","locations":[{"start":{"line":288,"column":8},"end":{"line":288,"column":8},"skip":true},{"start":{"line":288,"column":8},"end":{"line":288,"column":8},"skip":true}]},"21":{"line":288,"type":"binary-expr","locations":[{"start":{"line":288,"column":12},"end":{"line":288,"column":40},"skip":true},{"start":{"line":288,"column":44},"end":{"line":288,"column":67},"skip":true}]},"22":{"line":292,"type":"binary-expr","locations":[{"start":{"line":292,"column":12},"end":{"line":292,"column":50},"skip":true},{"start":{"line":293,"column":12},"end":{"line":293,"column":53},"skip":true}]},"23":{"line":297,"type":"binary-expr","locations":[{"start":{"line":297,"column":12},"end":{"line":297,"column":69},"skip":true},{"start":{"line":298,"column":12},"end":{"line":301,"column":36},"skip":true}]},"24":{"line":303,"type":"binary-expr","locations":[{"start":{"line":303,"column":43},"end":{"line":303,"column":75},"skip":true},{"start":{"line":303,"column":79},"end":{"line":303,"column":81},"skip":true}]},"25":{"line":306,"type":"if","locations":[{"start":{"line":306,"column":8},"end":{"line":306,"column":8},"skip":true},{"start":{"line":306,"column":8},"end":{"line":306,"column":8},"skip":true}]},"26":{"line":310,"type":"if","locations":[{"start":{"line":310,"column":8},"end":{"line":310,"column":8},"skip":true},{"start":{"line":310,"column":8},"end":{"line":310,"column":8},"skip":true}]},"27":{"line":313,"type":"binary-expr","locations":[{"start":{"line":313,"column":27},"end":{"line":313,"column":43},"skip":true},{"start":{"line":313,"column":47},"end":{"line":313,"column":53},"skip":true}]},"28":{"line":317,"type":"if","locations":[{"start":{"line":317,"column":12},"end":{"line":317,"column":12},"skip":true},{"start":{"line":317,"column":12},"end":{"line":317,"column":12},"skip":true}]}},"code":["/*","example.js","","quickstart example","","instruction","    1. save this script as example.js","    2. run the shell command:","        $ npm install npmtest-electrolyte && PORT=8081 node example.js","    3. play with the browser-demo on http://127.0.0.1:8081","*/","","","","/* istanbul instrument in package npmtest_electrolyte */","/*jslint","    bitwise: true,","    browser: true,","    maxerr: 8,","    maxlen: 96,","    node: true,","    nomen: true,","    regexp: true,","    stupid: true","*/","(function () {","    'use strict';","    var local;","","","","    // run shared js-env code - init-before","    (function () {","        // init local","        local = {};","        // init modeJs","        local.modeJs = (function () {","            try {","                return typeof navigator.userAgent === 'string' &&","                    typeof document.querySelector('body') === 'object' &&","                    typeof XMLHttpRequest.prototype.open === 'function' &&","                    'browser';","            } catch (errorCaughtBrowser) {","                return module.exports &&","                    typeof process.versions.node === 'string' &&","                    typeof require('http').createServer === 'function' &&","                    'node';","            }","        }());","        // init global","        local.global = local.modeJs === 'browser'","            ? window","            : global;","        // init utility2_rollup","        local = local.global.utility2_rollup || (local.modeJs === 'browser'","            ? local.global.utility2_npmtest_electrolyte","            : global.utility2_moduleExports);","        // export local","        local.global.local = local;","    }());","    switch (local.modeJs) {","","","","    // init-after","    // run browser js-env code - init-after","    /* istanbul ignore next */","    case 'browser':","        local.testRunBrowser = function (event) {","            if (!event || (event &&","                    event.currentTarget &&","                    event.currentTarget.className &&","                    event.currentTarget.className.includes &&","                    event.currentTarget.className.includes('onreset'))) {","                // reset output","                Array.from(","                    document.querySelectorAll('body > .resettable')","                ).forEach(function (element) {","                    switch (element.tagName) {","                    case 'INPUT':","                    case 'TEXTAREA':","                        element.value = '';","                        break;","                    default:","                        element.textContent = '';","                    }","                });","            }","            switch (event && event.currentTarget && event.currentTarget.id) {","            case 'testRunButton1':","                // show tests","                if (document.querySelector('#testReportDiv1').style.display === 'none') {","                    document.querySelector('#testReportDiv1').style.display = 'block';","                    document.querySelector('#testRunButton1').textContent =","                        'hide internal test';","                    local.modeTest = true;","                    local.testRunDefault(local);","                // hide tests","                } else {","                    document.querySelector('#testReportDiv1').style.display = 'none';","                    document.querySelector('#testRunButton1').textContent = 'run internal test';","                }","                break;","            // custom-case","            default:","                break;","            }","            if (document.querySelector('#inputTextareaEval1') && (!event || (event &&","                    event.currentTarget &&","                    event.currentTarget.className &&","                    event.currentTarget.className.includes &&","                    event.currentTarget.className.includes('oneval')))) {","                // try to eval input-code","                try {","                    /*jslint evil: true*/","                    eval(document.querySelector('#inputTextareaEval1').value);","                } catch (errorCaught) {","                    console.error(errorCaught);","                }","            }","        };","        // log stderr and stdout to #outputTextareaStdout1","        ['error', 'log'].forEach(function (key) {","            console[key + '_original'] = console[key];","            console[key] = function () {","                var element;","                console[key + '_original'].apply(console, arguments);","                element = document.querySelector('#outputTextareaStdout1');","                if (!element) {","                    return;","                }","                // append text to #outputTextareaStdout1","                element.value += Array.from(arguments).map(function (arg) {","                    return typeof arg === 'string'","                        ? arg","                        : JSON.stringify(arg, null, 4);","                }).join(' ') + '\\n';","                // scroll textarea to bottom","                element.scrollTop = element.scrollHeight;","            };","        });","        // init event-handling","        ['change', 'click', 'keyup'].forEach(function (event) {","            Array.from(document.querySelectorAll('.on' + event)).forEach(function (element) {","                element.addEventListener(event, local.testRunBrowser);","            });","        });","        // run tests","        local.testRunBrowser();","        break;","","","","    // run node js-env code - init-after","    /* istanbul ignore next */","    case 'node':","        // export local","        module.exports = local;","        // require modules","        local.fs = require('fs');","        local.http = require('http');","        local.url = require('url');","        // init assets","        local.assetsDict = local.assetsDict || {};","        /* jslint-ignore-begin */","        local.assetsDict['/assets.index.template.html'] = '\\","<!doctype html>\\n\\","<html lang=\"en\">\\n\\","<head>\\n\\","<meta charset=\"UTF-8\">\\n\\","<meta name=\"viewport\" content=\"width=device-width, initial-scale=1\">\\n\\","<title>{{env.npm_package_name}} (v{{env.npm_package_version}})</title>\\n\\","<style>\\n\\","/*csslint\\n\\","    box-sizing: false,\\n\\","    universal-selector: false\\n\\","*/\\n\\","* {\\n\\","    box-sizing: border-box;\\n\\","}\\n\\","body {\\n\\","    background: #dde;\\n\\","    font-family: Arial, Helvetica, sans-serif;\\n\\","    margin: 2rem;\\n\\","}\\n\\","body > * {\\n\\","    margin-bottom: 1rem;\\n\\","}\\n\\",".utility2FooterDiv {\\n\\","    margin-top: 20px;\\n\\","    text-align: center;\\n\\","}\\n\\","</style>\\n\\","<style>\\n\\","/*csslint\\n\\","*/\\n\\","textarea {\\n\\","    font-family: monospace;\\n\\","    height: 10rem;\\n\\","    width: 100%;\\n\\","}\\n\\","textarea[readonly] {\\n\\","    background: #ddd;\\n\\","}\\n\\","</style>\\n\\","</head>\\n\\","<body>\\n\\","<!-- utility2-comment\\n\\","<div id=\"ajaxProgressDiv1\" style=\"background: #d00; height: 2px; left: 0; margin: 0; padding: 0; position: fixed; top: 0; transition: background 0.5s, width 1.5s; width: 25%;\"></div>\\n\\","utility2-comment -->\\n\\","<h1>\\n\\","<!-- utility2-comment\\n\\","    <a\\n\\","        {{#if env.npm_package_homepage}}\\n\\","        href=\"{{env.npm_package_homepage}}\"\\n\\","        {{/if env.npm_package_homepage}}\\n\\","        target=\"_blank\"\\n\\","    >\\n\\","utility2-comment -->\\n\\","        {{env.npm_package_name}} (v{{env.npm_package_version}})\\n\\","<!-- utility2-comment\\n\\","    </a>\\n\\","utility2-comment -->\\n\\","</h1>\\n\\","<h3>{{env.npm_package_description}}</h3>\\n\\","<!-- utility2-comment\\n\\","<h4><a download href=\"assets.app.js\">download standalone app</a></h4>\\n\\","<button class=\"onclick onreset\" id=\"testRunButton1\">run internal test</button><br>\\n\\","<div id=\"testReportDiv1\" style=\"display: none;\"></div>\\n\\","utility2-comment -->\\n\\","\\n\\","\\n\\","\\n\\","<label>stderr and stdout</label>\\n\\","<textarea class=\"resettable\" id=\"outputTextareaStdout1\" readonly></textarea>\\n\\","<!-- utility2-comment\\n\\","{{#if isRollup}}\\n\\","<script src=\"assets.app.js\"></script>\\n\\","{{#unless isRollup}}\\n\\","utility2-comment -->\\n\\","<script src=\"assets.utility2.rollup.js\"></script>\\n\\","<script src=\"jsonp.utility2._stateInit?callback=window.utility2._stateInit\"></script>\\n\\","<script src=\"assets.npmtest_electrolyte.rollup.js\"></script>\\n\\","<script src=\"assets.example.js\"></script>\\n\\","<script src=\"assets.test.js\"></script>\\n\\","<!-- utility2-comment\\n\\","{{/if isRollup}}\\n\\","utility2-comment -->\\n\\","<div class=\"utility2FooterDiv\">\\n\\","    [ this app was created with\\n\\","    <a href=\"https://github.com/kaizhu256/node-utility2\" target=\"_blank\">utility2</a>\\n\\","    ]\\n\\","</div>\\n\\","</body>\\n\\","</html>\\n\\","';","        /* jslint-ignore-end */","        if (local.templateRender) {","            local.assetsDict['/'] = local.templateRender(","                local.assetsDict['/assets.index.template.html'],","                {","                    env: local.objectSetDefault(local.env, {","                        npm_package_description: 'the greatest app in the world!',","                        npm_package_name: 'my-app',","                        npm_package_nameAlias: 'my_app',","                        npm_package_version: '0.0.1'","                    })","                }","            );","        } else {","            local.assetsDict['/'] = local.assetsDict['/assets.index.template.html']","                .replace((/\\{\\{env\\.(\\w+?)\\}\\}/g), function (match0, match1) {","                    // jslint-hack","                    String(match0);","                    switch (match1) {","                    case 'npm_package_description':","                        return 'the greatest app in the world!';","                    case 'npm_package_name':","                        return 'my-app';","                    case 'npm_package_nameAlias':","                        return 'my_app';","                    case 'npm_package_version':","                        return '0.0.1';","                    }","                });","        }","        // run the cli","        if (local.global.utility2_rollup || module !== require.main) {","            break;","        }","        local.assetsDict['/assets.example.js'] =","            local.assetsDict['/assets.example.js'] ||","            local.fs.readFileSync(__filename, 'utf8');","        // bug-workaround - long $npm_package_buildCustomOrg","        /* jslint-ignore-begin */","        local.assetsDict['/assets.npmtest_electrolyte.rollup.js'] =","            local.assetsDict['/assets.npmtest_electrolyte.rollup.js'] ||","            local.fs.readFileSync(","                local.npmtest_electrolyte.__dirname + '/lib.npmtest_electrolyte.js',","                'utf8'","            ).replace((/^#!/), '//');","        /* jslint-ignore-end */","        local.assetsDict['/favicon.ico'] = local.assetsDict['/favicon.ico'] || '';","        // if $npm_config_timeout_exit exists,","        // then exit this process after $npm_config_timeout_exit ms","        if (Number(process.env.npm_config_timeout_exit)) {","            setTimeout(process.exit, Number(process.env.npm_config_timeout_exit));","        }","        // start server","        if (local.global.utility2_serverHttp1) {","            break;","        }","        process.env.PORT = process.env.PORT || '8081';","        console.error('server starting on port ' + process.env.PORT);","        local.http.createServer(function (request, response) {","            request.urlParsed = local.url.parse(request.url);","            if (local.assetsDict[request.urlParsed.pathname] !== undefined) {","                response.end(local.assetsDict[request.urlParsed.pathname]);","                return;","            }","            response.statusCode = 404;","            response.end();","        }).listen(process.env.PORT);","        break;","    }","}());",""],"l":{"26":2,"28":2,"33":2,"35":2,"37":2,"38":2,"39":2,"44":1,"51":2,"55":2,"59":2,"61":2,"69":1,"70":2,"76":2,"79":2,"82":2,"83":2,"85":1,"89":2,"92":1,"93":1,"94":1,"96":1,"97":1,"100":1,"101":1,"103":1,"106":1,"108":2,"114":1,"116":1,"118":1,"123":1,"124":2,"125":2,"126":3,"127":3,"128":3,"129":3,"130":1,"133":3,"134":3,"139":3,"143":1,"144":3,"145":1,"149":1,"150":1,"158":1,"160":1,"161":1,"162":1,"164":1,"166":1,"258":1,"259":1,"271":1,"274":6,"275":6,"277":1,"279":2,"281":1,"283":2,"288":1,"289":1,"291":1,"296":1,"303":1,"306":1,"307":1,"310":1,"311":1,"313":1,"314":1,"315":1,"316":1,"317":1,"318":1,"319":1,"321":1,"322":1,"324":1}},"/home/travis/build/npmtest/node-npmtest-electrolyte/node_modules/electrolyte/lib/index.js":{"path":"/home/travis/build/npmtest/node-npmtest-electrolyte/node_modules/electrolyte/lib/index.js","s":{"1":1,"2":1,"3":1,"4":1,"5":1,"6":1},"b":{},"f":{},"fnMap":{},"statementMap":{"1":{"start":{"line":2,"column":0},"end":{"line":3,"column":47}},"2":{"start":{"line":6,"column":0},"end":{"line":6,"column":43}},"3":{"start":{"line":9,"column":0},"end":{"line":9,"column":30}},"4":{"start":{"line":11,"column":0},"end":{"line":12,"column":39}},"5":{"start":{"line":13,"column":0},"end":{"line":13,"column":92}},"6":{"start":{"line":15,"column":0},"end":{"line":15,"column":57}}},"branchMap":{},"code":["// Load modules.","var Container = require('./container')","  , deprecate = require('depd')('electrolyte');","","","exports = module.exports = new Container();","","// Exports.","exports.Container = Container;","","exports.fs =","exports.dir = require('./sources/dir');","exports.node = deprecate.function(exports.dir, 'Container#node: Use Container#dir instead');","","exports.node_modules = require('./sources/node_modules');",""],"l":{"2":1,"6":1,"9":1,"11":1,"13":1,"15":1}},"/home/travis/build/npmtest/node-npmtest-electrolyte/node_modules/electrolyte/lib/container.js":{"path":"/home/travis/build/npmtest/node-npmtest-electrolyte/node_modules/electrolyte/lib/container.js","s":{"1":1,"2":1,"3":1,"4":1,"5":1,"6":1,"7":1,"8":1,"9":1,"10":1,"11":0,"12":0,"13":0,"14":0,"15":0,"16":0,"17":0,"18":0,"19":0,"20":0,"21":0,"22":0,"23":0,"24":0,"25":0,"26":0,"27":0,"28":0,"29":0,"30":0,"31":0,"32":0,"33":0,"34":0,"35":1,"36":1,"37":0,"38":1,"39":0,"40":0,"41":0,"42":0,"43":0,"44":0,"45":0,"46":0,"47":0,"48":0,"49":0,"50":0,"51":0,"52":0,"53":0,"54":0,"55":0,"56":1,"57":0,"58":0,"59":0,"60":0,"61":1,"62":0,"63":0,"64":0,"65":0,"66":0,"67":0,"68":0,"69":1,"70":1,"71":1,"72":0,"73":0,"74":0,"75":0,"76":0,"77":0,"78":0,"79":0,"80":0,"81":0,"82":0,"83":0,"84":1,"85":0,"86":0,"87":0,"88":0,"89":0,"90":0,"91":0,"92":0,"93":0,"94":0,"95":0,"96":0,"97":0,"98":0,"99":0,"100":0,"101":0,"102":0,"103":0,"104":0,"105":1},"b":{"1":[0,0],"2":[0,0],"3":[0,0],"4":[0,0],"5":[0,0],"6":[0,0],"7":[0,0],"8":[0],"9":[0,0],"10":[0,0],"11":[0,0],"12":[0,0],"13":[0,0],"14":[0,0],"15":[0,0,0],"16":[0,0],"17":[0,0],"18":[0,0],"19":[0,0,0],"20":[0,0],"21":[0,0],"22":[0,0],"23":[0,0],"24":[0,0],"25":[0,0],"26":[0,0,0,0]},"f":{"1":1,"2":0,"3":0,"4":0,"5":0,"6":0,"7":0,"8":0,"9":0,"10":1,"11":0,"12":0},"fnMap":{"1":{"name":"Container","line":32,"loc":{"start":{"line":32,"column":0},"end":{"line":32,"column":21}}},"2":{"name":"(anonymous_2)","line":57,"loc":{"start":{"line":57,"column":26},"end":{"line":57,"column":51}}},"3":{"name":"noop","line":71,"loc":{"start":{"line":71,"column":21},"end":{"line":71,"column":39}}},"4":{"name":"(anonymous_4)","line":119,"loc":{"start":{"line":119,"column":29},"end":{"line":119,"column":50}}},"5":{"name":"(anonymous_5)","line":123,"loc":{"start":{"line":123,"column":30},"end":{"line":123,"column":51}}},"6":{"name":"(anonymous_6)","line":132,"loc":{"start":{"line":132,"column":21},"end":{"line":132,"column":47}}},"7":{"name":"(anonymous_7)","line":144,"loc":{"start":{"line":144,"column":25},"end":{"line":144,"column":45}}},"8":{"name":"(anonymous_8)","line":156,"loc":{"start":{"line":156,"column":28},"end":{"line":156,"column":39}}},"9":{"name":"(anonymous_9)","line":168,"loc":{"start":{"line":168,"column":30},"end":{"line":168,"column":51}}},"10":{"name":"(anonymous_10)","line":180,"loc":{"start":{"line":180,"column":31},"end":{"line":180,"column":44}}},"11":{"name":"(anonymous_11)","line":199,"loc":{"start":{"line":199,"column":32},"end":{"line":199,"column":49}}},"12":{"name":"(anonymous_12)","line":240,"loc":{"start":{"line":240,"column":36},"end":{"line":240,"column":62}}}},"statementMap":{"1":{"start":{"line":2,"column":0},"end":{"line":12,"column":44}},"2":{"start":{"line":32,"column":0},"end":{"line":40,"column":1}},"3":{"start":{"line":33,"column":2},"end":{"line":33,"column":26}},"4":{"start":{"line":34,"column":2},"end":{"line":34,"column":19}},"5":{"start":{"line":35,"column":2},"end":{"line":35,"column":21}},"6":{"start":{"line":36,"column":2},"end":{"line":36,"column":19}},"7":{"start":{"line":37,"column":2},"end":{"line":37,"column":23}},"8":{"start":{"line":39,"column":2},"end":{"line":39,"column":45}},"9":{"start":{"line":43,"column":0},"end":{"line":43,"column":39}},"10":{"start":{"line":57,"column":0},"end":{"line":92,"column":1}},"11":{"start":{"line":58,"column":2},"end":{"line":62,"column":3}},"12":{"start":{"line":59,"column":4},"end":{"line":59,"column":16}},"13":{"start":{"line":60,"column":4},"end":{"line":60,"column":11}},"14":{"start":{"line":61,"column":4},"end":{"line":61,"column":12}},"15":{"start":{"line":63,"column":2},"end":{"line":63,"column":26}},"16":{"start":{"line":65,"column":2},"end":{"line":67,"column":29}},"17":{"start":{"line":69,"column":2},"end":{"line":72,"column":3}},"18":{"start":{"line":70,"column":4},"end":{"line":70,"column":17}},"19":{"start":{"line":71,"column":4},"end":{"line":71,"column":51}},"20":{"start":{"line":71,"column":41},"end":{"line":71,"column":48}},"21":{"start":{"line":74,"column":2},"end":{"line":76,"column":3}},"22":{"start":{"line":75,"column":4},"end":{"line":75,"column":100}},"23":{"start":{"line":78,"column":2},"end":{"line":78,"column":29}},"24":{"start":{"line":79,"column":2},"end":{"line":79,"column":45}},"25":{"start":{"line":80,"column":2},"end":{"line":80,"column":28}},"26":{"start":{"line":81,"column":2},"end":{"line":81,"column":25}},"27":{"start":{"line":83,"column":2},"end":{"line":83,"column":30}},"28":{"start":{"line":84,"column":2},"end":{"line":89,"column":3}},"29":{"start":{"line":85,"column":4},"end":{"line":85,"column":46}},"30":{"start":{"line":86,"column":4},"end":{"line":86,"column":28}},"31":{"start":{"line":87,"column":4},"end":{"line":87,"column":36}},"32":{"start":{"line":87,"column":25},"end":{"line":87,"column":34}},"33":{"start":{"line":88,"column":4},"end":{"line":88,"column":42}},"34":{"start":{"line":91,"column":2},"end":{"line":91,"column":14}},"35":{"start":{"line":93,"column":0},"end":{"line":93,"column":120}},"36":{"start":{"line":119,"column":0},"end":{"line":121,"column":2}},"37":{"start":{"line":120,"column":2},"end":{"line":120,"column":34}},"38":{"start":{"line":123,"column":0},"end":{"line":154,"column":1}},"39":{"start":{"line":124,"column":2},"end":{"line":124,"column":52}},"40":{"start":{"line":127,"column":2},"end":{"line":130,"column":3}},"41":{"start":{"line":129,"column":4},"end":{"line":129,"column":94}},"42":{"start":{"line":132,"column":2},"end":{"line":153,"column":16}},"43":{"start":{"line":133,"column":4},"end":{"line":136,"column":5}},"44":{"start":{"line":135,"column":6},"end":{"line":135,"column":50}},"45":{"start":{"line":137,"column":4},"end":{"line":137,"column":34}},"46":{"start":{"line":139,"column":4},"end":{"line":139,"column":31}},"47":{"start":{"line":140,"column":4},"end":{"line":152,"column":5}},"48":{"start":{"line":141,"column":6},"end":{"line":141,"column":40}},"49":{"start":{"line":143,"column":6},"end":{"line":143,"column":22}},"50":{"start":{"line":144,"column":6},"end":{"line":151,"column":9}},"51":{"start":{"line":145,"column":8},"end":{"line":149,"column":9}},"52":{"start":{"line":146,"column":10},"end":{"line":146,"column":119}},"53":{"start":{"line":147,"column":15},"end":{"line":149,"column":9}},"54":{"start":{"line":148,"column":10},"end":{"line":148,"column":29}},"55":{"start":{"line":150,"column":8},"end":{"line":150,"column":34}},"56":{"start":{"line":156,"column":0},"end":{"line":166,"column":1}},"57":{"start":{"line":159,"column":2},"end":{"line":161,"column":13}},"58":{"start":{"line":162,"column":2},"end":{"line":164,"column":3}},"59":{"start":{"line":163,"column":4},"end":{"line":163,"column":36}},"60":{"start":{"line":165,"column":2},"end":{"line":165,"column":15}},"61":{"start":{"line":168,"column":0},"end":{"line":177,"column":1}},"62":{"start":{"line":169,"column":2},"end":{"line":170,"column":22}},"63":{"start":{"line":171,"column":2},"end":{"line":175,"column":3}},"64":{"start":{"line":172,"column":4},"end":{"line":172,"column":22}},"65":{"start":{"line":173,"column":4},"end":{"line":173,"column":38}},"66":{"start":{"line":174,"column":4},"end":{"line":174,"column":28}},"67":{"start":{"line":174,"column":15},"end":{"line":174,"column":26}},"68":{"start":{"line":176,"column":2},"end":{"line":176,"column":113}},"69":{"start":{"line":180,"column":0},"end":{"line":182,"column":1}},"70":{"start":{"line":181,"column":2},"end":{"line":181,"column":27}},"71":{"start":{"line":199,"column":0},"end":{"line":217,"column":1}},"72":{"start":{"line":200,"column":2},"end":{"line":200,"column":27}},"73":{"start":{"line":201,"column":2},"end":{"line":203,"column":13}},"74":{"start":{"line":205,"column":2},"end":{"line":215,"column":3}},"75":{"start":{"line":206,"column":4},"end":{"line":206,"column":37}},"76":{"start":{"line":207,"column":4},"end":{"line":207,"column":46}},"77":{"start":{"line":208,"column":4},"end":{"line":208,"column":46}},"78":{"start":{"line":208,"column":35},"end":{"line":208,"column":44}},"79":{"start":{"line":209,"column":4},"end":{"line":209,"column":27}},"80":{"start":{"line":211,"column":4},"end":{"line":214,"column":5}},"81":{"start":{"line":212,"column":6},"end":{"line":212,"column":49}},"82":{"start":{"line":213,"column":6},"end":{"line":213,"column":28}},"83":{"start":{"line":216,"column":2},"end":{"line":216,"column":68}},"84":{"start":{"line":240,"column":0},"end":{"line":275,"column":1}},"85":{"start":{"line":241,"column":2},"end":{"line":241,"column":20}},"86":{"start":{"line":243,"column":2},"end":{"line":255,"column":3}},"87":{"start":{"line":244,"column":4},"end":{"line":244,"column":24}},"88":{"start":{"line":245,"column":9},"end":{"line":255,"column":3}},"89":{"start":{"line":249,"column":4},"end":{"line":249,"column":39}},"90":{"start":{"line":250,"column":4},"end":{"line":254,"column":5}},"91":{"start":{"line":251,"column":6},"end":{"line":251,"column":30}},"92":{"start":{"line":253,"column":6},"end":{"line":253,"column":26}},"93":{"start":{"line":257,"column":2},"end":{"line":271,"column":3}},"94":{"start":{"line":259,"column":4},"end":{"line":259,"column":37}},"95":{"start":{"line":260,"column":4},"end":{"line":260,"column":44}},"96":{"start":{"line":261,"column":4},"end":{"line":261,"column":10}},"97":{"start":{"line":263,"column":4},"end":{"line":263,"column":41}},"98":{"start":{"line":264,"column":4},"end":{"line":264,"column":48}},"99":{"start":{"line":265,"column":4},"end":{"line":265,"column":10}},"100":{"start":{"line":268,"column":4},"end":{"line":268,"column":37}},"101":{"start":{"line":269,"column":4},"end":{"line":269,"column":44}},"102":{"start":{"line":270,"column":4},"end":{"line":270,"column":10}},"103":{"start":{"line":273,"column":2},"end":{"line":273,"column":30}},"104":{"start":{"line":274,"column":2},"end":{"line":274,"column":14}},"105":{"start":{"line":279,"column":0},"end":{"line":279,"column":27}}},"branchMap":{"1":{"line":58,"type":"if","locations":[{"start":{"line":58,"column":2},"end":{"line":58,"column":2}},{"start":{"line":58,"column":2},"end":{"line":58,"column":2}}]},"2":{"line":63,"type":"binary-expr","locations":[{"start":{"line":63,"column":12},"end":{"line":63,"column":19}},{"start":{"line":63,"column":23},"end":{"line":63,"column":25}}]},"3":{"line":69,"type":"if","locations":[{"start":{"line":69,"column":2},"end":{"line":69,"column":2}},{"start":{"line":69,"column":2},"end":{"line":69,"column":2}}]},"4":{"line":71,"type":"binary-expr","locations":[{"start":{"line":71,"column":11},"end":{"line":71,"column":17}},{"start":{"line":71,"column":21},"end":{"line":71,"column":50}}]},"5":{"line":74,"type":"if","locations":[{"start":{"line":74,"column":2},"end":{"line":74,"column":2}},{"start":{"line":74,"column":2},"end":{"line":74,"column":2}}]},"6":{"line":87,"type":"if","locations":[{"start":{"line":87,"column":4},"end":{"line":87,"column":4}},{"start":{"line":87,"column":4},"end":{"line":87,"column":4}}]},"7":{"line":124,"type":"cond-expr","locations":[{"start":{"line":124,"column":25},"end":{"line":124,"column":39}},{"start":{"line":124,"column":42},"end":{"line":124,"column":51}}]},"8":{"line":127,"type":"switch","locations":[{"start":{"line":128,"column":2},"end":{"line":129,"column":94}}]},"9":{"line":129,"type":"binary-expr","locations":[{"start":{"line":129,"column":63},"end":{"line":129,"column":70}},{"start":{"line":129,"column":74},"end":{"line":129,"column":91}}]},"10":{"line":133,"type":"if","locations":[{"start":{"line":133,"column":4},"end":{"line":133,"column":4}},{"start":{"line":133,"column":4},"end":{"line":133,"column":4}}]},"11":{"line":133,"type":"binary-expr","locations":[{"start":{"line":133,"column":8},"end":{"line":133,"column":14}},{"start":{"line":133,"column":18},"end":{"line":133,"column":30}}]},"12":{"line":140,"type":"if","locations":[{"start":{"line":140,"column":4},"end":{"line":140,"column":4}},{"start":{"line":140,"column":4},"end":{"line":140,"column":4}}]},"13":{"line":145,"type":"if","locations":[{"start":{"line":145,"column":8},"end":{"line":145,"column":8}},{"start":{"line":145,"column":8},"end":{"line":145,"column":8}}]},"14":{"line":145,"type":"binary-expr","locations":[{"start":{"line":145,"column":12},"end":{"line":145,"column":15}},{"start":{"line":145,"column":19},"end":{"line":145,"column":47}}]},"15":{"line":146,"type":"binary-expr","locations":[{"start":{"line":146,"column":83},"end":{"line":146,"column":89}},{"start":{"line":146,"column":93},"end":{"line":146,"column":102}},{"start":{"line":146,"column":106},"end":{"line":146,"column":115}}]},"16":{"line":147,"type":"if","locations":[{"start":{"line":147,"column":15},"end":{"line":147,"column":15}},{"start":{"line":147,"column":15},"end":{"line":147,"column":15}}]},"17":{"line":173,"type":"binary-expr","locations":[{"start":{"line":173,"column":17},"end":{"line":173,"column":23}},{"start":{"line":173,"column":27},"end":{"line":173,"column":36}}]},"18":{"line":174,"type":"if","locations":[{"start":{"line":174,"column":4},"end":{"line":174,"column":4}},{"start":{"line":174,"column":4},"end":{"line":174,"column":4}}]},"19":{"line":176,"type":"binary-expr","locations":[{"start":{"line":176,"column":78},"end":{"line":176,"column":84}},{"start":{"line":176,"column":88},"end":{"line":176,"column":97}},{"start":{"line":176,"column":101},"end":{"line":176,"column":110}}]},"20":{"line":208,"type":"if","locations":[{"start":{"line":208,"column":4},"end":{"line":208,"column":4}},{"start":{"line":208,"column":4},"end":{"line":208,"column":4}}]},"21":{"line":211,"type":"if","locations":[{"start":{"line":211,"column":4},"end":{"line":211,"column":4}},{"start":{"line":211,"column":4},"end":{"line":211,"column":4}}]},"22":{"line":243,"type":"if","locations":[{"start":{"line":243,"column":2},"end":{"line":243,"column":2}},{"start":{"line":243,"column":2},"end":{"line":243,"column":2}}]},"23":{"line":245,"type":"if","locations":[{"start":{"line":245,"column":9},"end":{"line":245,"column":9}},{"start":{"line":245,"column":9},"end":{"line":245,"column":9}}]},"24":{"line":249,"type":"binary-expr","locations":[{"start":{"line":249,"column":15},"end":{"line":249,"column":23}},{"start":{"line":249,"column":27},"end":{"line":249,"column":38}}]},"25":{"line":250,"type":"if","locations":[{"start":{"line":250,"column":4},"end":{"line":250,"column":4}},{"start":{"line":250,"column":4},"end":{"line":250,"column":4}}]},"26":{"line":257,"type":"switch","locations":[{"start":{"line":258,"column":2},"end":{"line":261,"column":10}},{"start":{"line":262,"column":2},"end":{"line":265,"column":10}},{"start":{"line":266,"column":2},"end":{"line":266,"column":17}},{"start":{"line":267,"column":2},"end":{"line":270,"column":10}}]}},"code":["// Load modules.","var EventEmitter = require('events')","  , util = require('util')","  , path = require('canonical-path')","  , Promise = require('promise')","  , FactorySpec = require('./patterns/factory')","  , ConstructorSpec = require('./patterns/constructor')","  , LiteralSpec = require('./patterns/literal')","  , InjectedContainer = require('./injectedcontainer')","  , SpecNotFoundError = require('./errors/specnotfound')","  , deprecate = require('depd')('electrolyte')","  , debug = require('debug')('electrolyte');","","","/**"," * Manages objects within an application."," *"," * A container creates and manages the set of objects within an application."," * Using inversion of control principles, a container automatically instantiates"," * and assembles these objects."," *"," * Objects are created from a specification.  A specification defines the"," * requirements needed in order to create an object.  Such requirements include"," * the objects required by the object being created.  When an object requires"," * other objects, the required objects will be created prior to the requiring"," * object, and so on, transitively assembling the complete graph of objects as"," * necessary."," *"," * @constructor"," * @api public"," */","function Container() {","  EventEmitter.call(this);","  this._specs = {};","  this._sources = {};","  this._order = [];","  this._resolvers = [];","  ","  this.resolver(require('./resolvers/id')());","}","","// Inherit from `EventEmitter`.","util.inherits(Container, EventEmitter);","","","/**"," * Utilize a source of objects."," *"," * The container creates a objects from object sources.  Sources are typically"," * a directory on the file system or a package of objects that are specifically"," * designed to function together."," *"," * @param {string} ns - The namespace under which to mount the source."," * @param {function} fn - Loader of object specifications from the source."," * @public"," */","Container.prototype.use = function(ns, s, options) {","  if (typeof ns !== 'string') {","    options = s;","    s = ns;","    ns = '';","  }","  options = options || {};","  ","  var load = s","    , manifest = {}","    , ids, aid, spec, i, len;","  ","  if (typeof s == 'object') {","    manifest = s;","    load = s.load || function noop(id) { return; };","  }","  ","  if (typeof load != 'function') {","    throw new Error(\"Container#use requires a load function, was passed a '\" + (typeof load) + \"'\");","  }","  ","  var h = this._order.length;","  var source = { namespace: ns, load: load };","  this._sources[h] = source;","  this._order.unshift(h);","  ","  ids = Object.keys(manifest);","  for (i = 0, len = ids.length; i < len; ++i) {","    aid = path.join(source.namespace, ids[i]);","    spec = manifest[ids[i]];","    if (spec === load) { continue; }","    this._registerSpec(aid, spec, source);","  }","  ","  return this;","}","Container.prototype.loader = deprecate.function(Container.prototype.use, 'Container#loader: Use Container#use instead');","","/**"," * Create an object."," *"," * Creates an object from the specifications registered with the container."," * When the object being created requires other objects, the required objects"," * will automatically be created and injected into the requiring object.  In"," * this way, complex graphs of objects can be created in a single single line of"," * code, eliminating extraneous boilerplate."," *"," * A specification can declare an object to be a singleton.  In such cases, only"," * one instance of the object will be created.  Subsequent calls to create the"," * object will return the singleton instance."," *"," * Examples:"," *"," *     var foo = IoC.create('foo');"," *"," *     var boop = IoC.create('beep/boop');"," *"," * @param {string} id - The id of the object to create."," * @param {Spec} [parent] - (private) The parent specification requiring the object."," * @returns {Promise}"," * @public"," */","Container.prototype.create = function(id, parent) {","  return this._create(id, parent);","};","","Container.prototype._create = function(id, parent) {","  var psource = parent ? parent._source : undefined;","  ","  // built-ins","  switch (id) {","  case '!container':","    return Promise.resolve(new InjectedContainer(this, parent, psource && psource.namespace));","  }","  ","  return new Promise(function(resolve, reject) {","    if (parent && id[0] == '.') {","      // resolve relative component ID","      id = path.join(path.dirname(parent.id), id);","    }","    id = this.resolve(id, parent);","  ","    var spec = this._specs[id];","    if (spec) {","      return resolve(spec.create(this));","    } else {","      var self = this;","      this._loadSpec(id, function(err, spec) {","        if (err && err.code == 'SPEC_NOT_FOUND') {","          reject(new Error('Unable to create object \"' + id + '\" required by: ' + (parent && parent.id || 'unknown')));","        } else if (err) {","          return reject(err);","        }","        resolve(spec.create(self))","      });","    }","  }.bind(this));","}","","Container.prototype.specs = function() {","  // TODO: Wrap specs so they can be created in an optimzied way","  ","  var ids = Object.keys(this._specs)","    , specs = []","    , i, len;","  for (i = 0, len = ids.length; i < len; ++i) {","    specs.push(this._specs[ids[i]]);","  }","  return specs;","}","","Container.prototype.resolve = function(id, parent) {","  var resolvers = this._resolvers","    , fn, rid, i, len;","  for (i = 0, len = resolvers.length; i < len; ++i) {","    fn = resolvers[i];","    rid = fn(id, parent && parent.id);","    if (rid) { return rid; }","  }","  throw new Error('Unable to resolve interface \"' + id + '\" required by: ' + (parent && parent.id || 'unknown'));","}","","","Container.prototype.resolver = function(fn) {","  this._resolvers.push(fn);","}","","/**"," * Load object specification."," *"," * As a prerequisite for creating an object, an object specification must be"," * available.  The specification declares instructions about how to create an"," * object, such as whether the object should be a singleton instance and any"," * other objects required by the object to be created."," *"," * Object instances will be created by invoking the specification's factory"," * function.  A factory function is typically a function that returns the"," * object or a constructor that is invoked using the `new` operator."," *"," * @param {string} id - The id of the specification to load."," * @private"," */","Container.prototype._loadSpec = function(id, cb) {","  debug('autoload %s', id);","  var order = this._order","    , source, mod, rid","    , i, len;","  ","  for (i = 0, len = order.length; i < len; ++i) {","    source = this._sources[order[i]];","    rid = path.relative(source.namespace, id);","    if (rid.indexOf('../') == 0) { continue; }","    mod = source.load(rid);","  ","    if (mod) {","      spec = this._registerSpec(id, mod, source);","      return cb(null, spec);","    }","  }","  return cb(new SpecNotFoundError('Cannot find spec \"' + id + '\"'));","}","","/**"," * Register object specification."," *"," * When a specification is registered, the creational pattern used to create"," * instances of the object will be determined.  Creational patterns include"," * factory functions which return an object and constructors that are invoked"," * using the `new` operator."," *"," * Additionally, common annotations needed when creating the instance are"," * examined.  Such annotations include `@require`, which is used to declare"," * other objects required by this object and `@singleton` which is set to"," * `true` to indicate that only a single instance of the object should be"," * created.  Other annotations may be declared, but such annotations are not"," * interpreted by the IoC container and are intended to be used by higher-level"," * frameworks."," *"," * @param {string} id - The id of the specification to load."," * @param {object} mod - The module containing the object factory."," * @param {number} hs - The handle of the source from which the spec was loaded."," * @private"," */","Container.prototype._registerSpec = function(id, mod, source) {","  var spec, pattern;","  ","  if (mod['@literal']) {","    pattern = 'literal';","  } else if (typeof mod == 'function') {","    // The module exports a function.  If the function name begins with a","    // capital letter, it will be treated as a constructor.  Otherwise, it will","    // be treated as a factory function;","    var name = mod.name || 'anonymous';","    if (name[0] == name[0].toUpperCase()) {","      pattern = 'constructor';","    } else {","      pattern = 'factory';","    }","  }","  ","  switch (pattern) {","  case 'factory':","    debug('register factory %s', id);","    spec = new FactorySpec(id, mod, source);","    break;","  case 'constructor':","    debug('register constructor %s', id);","    spec = new ConstructorSpec(id, mod, source);","    break;","  case 'literal':","  default:","    debug('register literal %s', id);","    spec = new LiteralSpec(id, mod, source);","    break;","  }","  ","  this._specs[spec.id] = spec;","  return spec;","}","","","// Expose constructor.","module.exports = Container;",""],"l":{"2":1,"32":1,"33":1,"34":1,"35":1,"36":1,"37":1,"39":1,"43":1,"57":1,"58":0,"59":0,"60":0,"61":0,"63":0,"65":0,"69":0,"70":0,"71":0,"74":0,"75":0,"78":0,"79":0,"80":0,"81":0,"83":0,"84":0,"85":0,"86":0,"87":0,"88":0,"91":0,"93":1,"119":1,"120":0,"123":1,"124":0,"127":0,"129":0,"132":0,"133":0,"135":0,"137":0,"139":0,"140":0,"141":0,"143":0,"144":0,"145":0,"146":0,"147":0,"148":0,"150":0,"156":1,"159":0,"162":0,"163":0,"165":0,"168":1,"169":0,"171":0,"172":0,"173":0,"174":0,"176":0,"180":1,"181":1,"199":1,"200":0,"201":0,"205":0,"206":0,"207":0,"208":0,"209":0,"211":0,"212":0,"213":0,"216":0,"240":1,"241":0,"243":0,"244":0,"245":0,"249":0,"250":0,"251":0,"253":0,"257":0,"259":0,"260":0,"261":0,"263":0,"264":0,"265":0,"268":0,"269":0,"270":0,"273":0,"274":0,"279":1}},"/home/travis/build/npmtest/node-npmtest-electrolyte/node_modules/electrolyte/lib/patterns/factory.js":{"path":"/home/travis/build/npmtest/node-npmtest-electrolyte/node_modules/electrolyte/lib/patterns/factory.js","s":{"1":1,"2":1,"3":0,"4":0,"5":1,"6":1,"7":0,"8":0,"9":0,"10":1},"b":{},"f":{"1":0,"2":0},"fnMap":{"1":{"name":"FactorySpec","line":19,"loc":{"start":{"line":19,"column":0},"end":{"line":19,"column":33}}},"2":{"name":"(anonymous_2)","line":32,"loc":{"start":{"line":32,"column":36},"end":{"line":32,"column":47}}}},"statementMap":{"1":{"start":{"line":2,"column":0},"end":{"line":4,"column":44}},"2":{"start":{"line":19,"column":0},"end":{"line":22,"column":1}},"3":{"start":{"line":20,"column":2},"end":{"line":20,"column":30}},"4":{"start":{"line":21,"column":2},"end":{"line":21,"column":16}},"5":{"start":{"line":25,"column":0},"end":{"line":25,"column":33}},"6":{"start":{"line":32,"column":0},"end":{"line":40,"column":1}},"7":{"start":{"line":33,"column":2},"end":{"line":33,"column":35}},"8":{"start":{"line":35,"column":2},"end":{"line":38,"column":3}},"9":{"start":{"line":39,"column":2},"end":{"line":39,"column":40}},"10":{"start":{"line":44,"column":0},"end":{"line":44,"column":29}}},"branchMap":{},"code":["// Load modules.","var Spec = require('../spec')","  , util = require('util')","  , debug = require('debug')('electrolyte');","","","/**"," * A specification using a factory function."," *"," * Objects will be created by calling the factory function with any required"," * dependencies and returning the result."," *"," * @constructor"," * @param {string} id - The id of the specification."," * @param {object} mod - The module containing the object factory."," * @param {number} hs - The handle of the source from which the spec was loaded."," * @protected"," */","function FactorySpec(id, fn, hs) {","  Spec.call(this, id, fn, hs);","  this._fn = fn;","}","","// Inherit from `Spec`.","util.inherits(FactorySpec, Spec);","","/**"," * Instantiate an object from the specification."," *"," * @private"," */","FactorySpec.prototype.instantiate = function() {","  debug('instantiate %s', this.id);","  ","  var ctx = {","    id: this.id,","    baseNS: this._source.namespace","  }","  return this._fn.apply(ctx, arguments);","}","","","// Expose constructor.","module.exports = FactorySpec;",""],"l":{"2":1,"19":1,"20":0,"21":0,"25":1,"32":1,"33":0,"35":0,"39":0,"44":1}},"/home/travis/build/npmtest/node-npmtest-electrolyte/node_modules/electrolyte/lib/spec.js":{"path":"/home/travis/build/npmtest/node-npmtest-electrolyte/node_modules/electrolyte/lib/spec.js","s":{"1":1,"2":1,"3":0,"4":0,"5":0,"6":0,"7":0,"8":0,"9":0,"10":0,"11":0,"12":0,"13":0,"14":0,"15":0,"16":0,"17":1,"18":0,"19":0,"20":0,"21":0,"22":0,"23":0,"24":0,"25":0,"26":0,"27":0,"28":0,"29":0,"30":0,"31":0,"32":0,"33":0,"34":1,"35":0,"36":1},"b":{"1":[0,0],"2":[0,0],"3":[0,0],"4":[0,0],"5":[0,0],"6":[0,0],"7":[0,0],"8":[0,0],"9":[0,0]},"f":{"1":0,"2":0,"3":0,"4":0},"fnMap":{"1":{"name":"Spec","line":40,"loc":{"start":{"line":40,"column":0},"end":{"line":40,"column":31}}},"2":{"name":"(anonymous_2)","line":68,"loc":{"start":{"line":68,"column":24},"end":{"line":68,"column":44}}},"3":{"name":"(anonymous_3)","line":88,"loc":{"start":{"line":88,"column":10},"end":{"line":88,"column":25}}},"4":{"name":"(anonymous_4)","line":111,"loc":{"start":{"line":111,"column":29},"end":{"line":111,"column":40}}}},"statementMap":{"1":{"start":{"line":2,"column":0},"end":{"line":3,"column":33}},"2":{"start":{"line":40,"column":0},"end":{"line":61,"column":1}},"3":{"start":{"line":41,"column":2},"end":{"line":41,"column":19}},"4":{"start":{"line":43,"column":2},"end":{"line":43,"column":15}},"5":{"start":{"line":44,"column":2},"end":{"line":44,"column":44}},"6":{"start":{"line":45,"column":2},"end":{"line":45,"column":37}},"7":{"start":{"line":46,"column":2},"end":{"line":46,"column":45}},"8":{"start":{"line":47,"column":2},"end":{"line":49,"column":3}}
[...]
  case  5: return new ctor(args[0], args[1], args[2], args[3], args[4]);","  case  6: return new ctor(args[0], args[1], args[2], args[3], args[4], args[5]);","  case  7: return new ctor(args[0], args[1], args[2], args[3], args[4], args[5], args[6]);","  case  8: return new ctor(args[0], args[1], args[2], args[3], args[4], args[5], args[6], args[7]);","  case  9: return new ctor(args[0], args[1], args[2], args[3], args[4], args[5], args[6], args[7], args[8]);","  case 10: return new ctor(args[0], args[1], args[2], args[3], args[4], args[5], args[6], args[7], args[8], args[9]);","  }","  throw new Error(\"Constructor for object '\" + this.id + \"' requires too many arguments\");","}","","","// Expose constructor.","module.exports = ConstructorSpec;",""],"l":{"2":1,"19":1,"20":0,"21":0,"25":1,"32":1,"33":0,"34":0,"36":0,"37":0,"38":0,"39":0,"40":0,"41":0,"42":0,"43":0,"44":0,"45":0,"46":0,"47":0,"49":0,"54":1}},"/home/travis/build/npmtest/node-npmtest-electrolyte/node_modules/electrolyte/lib/patterns/literal.js":{"path":"/home/travis/build/npmtest/node-npmtest-electrolyte/node_modules/electrolyte/lib/patterns/literal.js","s":{"1":1,"2":1,"3":0,"4":0,"5":1,"6":1},"b":{},"f":{"1":0},"fnMap":{"1":{"name":"LiteralSpec","line":26,"loc":{"start":{"line":26,"column":0},"end":{"line":26,"column":34}}}},"statementMap":{"1":{"start":{"line":2,"column":0},"end":{"line":3,"column":27}},"2":{"start":{"line":26,"column":0},"end":{"line":29,"column":1}},"3":{"start":{"line":27,"column":2},"end":{"line":27,"column":31}},"4":{"start":{"line":28,"column":2},"end":{"line":28,"column":23}},"5":{"start":{"line":32,"column":0},"end":{"line":32,"column":33}},"6":{"start":{"line":36,"column":0},"end":{"line":36,"column":29}}},"branchMap":{},"code":["// Load modules.","var Spec = require('../spec')","  , util = require('util');","","","/**"," * A specification of an object literal."," *"," * A literal is returned directly when created by the IoC container."," *"," * Due to the nature of being a literal, no dependencies are injected and only"," * a single instance of the object will be created."," *"," * If a module exports a primitive type (object, string, number, etc.), the IoC"," * container will automatically detect it as a literal.  If the module exports"," * a function which is to be treated as a literal, the `@literal` annotation"," * must be set to `true`.  Otherwise, the default behavior will be to treat the"," * function as a factory."," *"," * @constructor"," * @param {string} id - The id of the specification."," * @param {object} mod - The module containing the object factory."," * @param {number} hs - The handle of the source from which the spec was loaded."," * @protected"," */","function LiteralSpec(id, obj, hs) {","  Spec.call(this, id, obj, hs);","  this._instance = obj;","}","","// Inherit from `Spec`.","util.inherits(LiteralSpec, Spec);","","","// Expose constructor.","module.exports = LiteralSpec;",""],"l":{"2":1,"26":1,"27":0,"28":0,"32":1,"36":1}},"/home/travis/build/npmtest/node-npmtest-electrolyte/node_modules/electrolyte/lib/injectedcontainer.js":{"path":"/home/travis/build/npmtest/node-npmtest-electrolyte/node_modules/electrolyte/lib/injectedcontainer.js","s":{"1":1,"2":1,"3":0,"4":0,"5":0,"6":1,"7":0,"8":0,"9":0,"10":0,"11":0,"12":1,"13":0,"14":0,"15":0,"16":0,"17":0,"18":0,"19":0,"20":0,"21":0,"22":0,"23":0,"24":0,"25":0,"26":0,"27":1},"b":{"1":[0,0],"2":[0,0],"3":[0,0],"4":[0,0],"5":[0,0],"6":[0,0],"7":[0,0]},"f":{"1":0,"2":0,"3":0,"4":0},"fnMap":{"1":{"name":"InjectedContainer","line":23,"loc":{"start":{"line":23,"column":0},"end":{"line":23,"column":40}}},"2":{"name":"(anonymous_2)","line":39,"loc":{"start":{"line":39,"column":37},"end":{"line":39,"column":50}}},"3":{"name":"(anonymous_3)","line":59,"loc":{"start":{"line":59,"column":36},"end":{"line":59,"column":48}}},"4":{"name":"(anonymous_4)","line":75,"loc":{"start":{"line":75,"column":36},"end":{"line":75,"column":48}}}},"statementMap":{"1":{"start":{"line":2,"column":0},"end":{"line":3,"column":43}},"2":{"start":{"line":23,"column":0},"end":{"line":27,"column":1}},"3":{"start":{"line":24,"column":2},"end":{"line":24,"column":14}},"4":{"start":{"line":25,"column":2},"end":{"line":25,"column":20}},"5":{"start":{"line":26,"column":2},"end":{"line":26,"column":22}},"6":{"start":{"line":39,"column":0},"end":{"line":47,"column":1}},"7":{"start":{"line":40,"column":2},"end":{"line":40,"column":36}},"8":{"start":{"line":41,"column":2},"end":{"line":41,"column":41}},"9":{"start":{"line":42,"column":2},"end":{"line":44,"column":3}},"10":{"start":{"line":43,"column":4},"end":{"line":43,"column":67}},"11":{"start":{"line":46,"column":2},"end":{"line":46,"column":41}},"12":{"start":{"line":59,"column":0},"end":{"line":81,"column":1}},"13":{"start":{"line":60,"column":2},"end":{"line":62,"column":3}},"14":{"start":{"line":61,"column":4},"end":{"line":61,"column":14}},"15":{"start":{"line":66,"column":2},"end":{"line":68,"column":24}},"16":{"start":{"line":69,"column":2},"end":{"line":79,"column":3}},"17":{"start":{"line":70,"column":4},"end":{"line":70,"column":20}},"18":{"start":{"line":71,"column":4},"end":{"line":71,"column":43}},"19":{"start":{"line":72,"column":4},"end":{"line":72,"column":46}},"20":{"start":{"line":72,"column":35},"end":{"line":72,"column":44}},"21":{"start":{"line":73,"column":4},"end":{"line":78,"column":5}},"22":{"start":{"line":74,"column":6},"end":{"line":74,"column":47}},"23":{"start":{"line":75,"column":11},"end":{"line":78,"column":5}},"24":{"start":{"line":75,"column":50},"end":{"line":75,"column":64}},"25":{"start":{"line":77,"column":6},"end":{"line":77,"column":47}},"26":{"start":{"line":80,"column":2},"end":{"line":80,"column":17}},"27":{"start":{"line":85,"column":0},"end":{"line":85,"column":35}}},"branchMap":{"1":{"line":26,"type":"binary-expr","locations":[{"start":{"line":26,"column":13},"end":{"line":26,"column":15}},{"start":{"line":26,"column":19},"end":{"line":26,"column":21}}]},"2":{"line":42,"type":"if","locations":[{"start":{"line":42,"column":2},"end":{"line":42,"column":2}},{"start":{"line":42,"column":2},"end":{"line":42,"column":2}}]},"3":{"line":60,"type":"if","locations":[{"start":{"line":60,"column":2},"end":{"line":60,"column":2}},{"start":{"line":60,"column":2},"end":{"line":60,"column":2}}]},"4":{"line":60,"type":"binary-expr","locations":[{"start":{"line":60,"column":6},"end":{"line":60,"column":7}},{"start":{"line":60,"column":11},"end":{"line":60,"column":28}}]},"5":{"line":72,"type":"if","locations":[{"start":{"line":72,"column":4},"end":{"line":72,"column":4}},{"start":{"line":72,"column":4},"end":{"line":72,"column":4}}]},"6":{"line":73,"type":"if","locations":[{"start":{"line":73,"column":4},"end":{"line":73,"column":4}},{"start":{"line":73,"column":4},"end":{"line":73,"column":4}}]},"7":{"line":75,"type":"if","locations":[{"start":{"line":75,"column":11},"end":{"line":75,"column":11}},{"start":{"line":75,"column":11},"end":{"line":75,"column":11}}]}},"code":["// Load modules.","var path = require('canonical-path')","  , ExposedSpec = require('./exposedspec');","","","/**"," * Container wrapper used when injected into a factory."," *"," * When a \"factory\" requires that the container itself be injected, the"," * container is first wrapped.  This wrapper provides an interface that can be"," * used by the factory to introspect its environment, which is useful when"," * loading plugins, among other functionality.  The wrapper also restricts"," * inadvertent use of other functionality in the wrapped container."," *"," * Note that requiring an injected container makes the requiring object"," * dependent on the IoC runtime's existence.  The need to couple the object to"," * the runtime should be carefully considered, and avoided if an alternative"," * approach is possible."," *"," * @constructor"," * @api private"," */","function InjectedContainer(c, spec, ns) {","  this._c = c;","  this._spec = spec;","  this._ns = ns || '';","}","","/**"," * Create an object."," *"," * This function is equivalent to Container#create, with the exception that the"," * object being created must be within the namespace object creating it."," *"," * @param {string} id - The id of the object to create."," * @returns {Promise}"," * @public"," */","InjectedContainer.prototype.create = function(id) {","  var aid = path.join(this._ns, id);","  var rid = path.relative(this._ns, aid);","  if (rid.indexOf('../') == 0) {","    return Promise.reject(new Error(id + ' not within namespace'));","  }","  ","  return this._c.create(aid, this._spec);","}","","/**"," * Introspect object specifications."," *"," * This function is equivalent to Container#specs, with the exception that the"," * object object specifications returned are restricted to those within the"," * namespace object introspecting them."," *"," * @returns {array}"," * @public"," */","InjectedContainer.prototype.specs = function(q) {","  if (q && !Array.isArray(q)) {","    q = [ q ];","  }","  ","  // Filter the exposed specs to only those that exist within the namespace","  // of the object being created.","  var specs = this._c.specs()","    , exposed = []","    , spec, rid, i, len;","  for (i = 0, len = specs.length; i < len; ++i) {","    spec = specs[i];","    rid = path.relative(this._ns, spec.id);","    if (rid.indexOf('../') == 0) { continue; }","    if (!q) {","      exposed.push(new ExposedSpec(rid, spec));","    } else if (spec.implements.some(function(i) { return i == q })) {","      // The spec implements one of the requested interfaces.","      exposed.push(new ExposedSpec(rid, spec));","    }","  }","  return exposed;","}","","","// Expose constructor.","module.exports = InjectedContainer;",""],"l":{"2":1,"23":1,"24":0,"25":0,"26":0,"39":1,"40":0,"41":0,"42":0,"43":0,"46":0,"59":1,"60":0,"61":0,"66":0,"69":0,"70":0,"71":0,"72":0,"73":0,"74":0,"75":0,"77":0,"80":0,"85":1}},"/home/travis/build/npmtest/node-npmtest-electrolyte/node_modules/electrolyte/lib/exposedspec.js":{"path":"/home/travis/build/npmtest/node-npmtest-electrolyte/node_modules/electrolyte/lib/exposedspec.js","s":{"1":1,"2":0,"3":0,"4":0,"5":1},"b":{},"f":{"1":0},"fnMap":{"1":{"name":"ExposedSpec","line":1,"loc":{"start":{"line":1,"column":0},"end":{"line":1,"column":31}}}},"statementMap":{"1":{"start":{"line":1,"column":0},"end":{"line":5,"column":1}},"2":{"start":{"line":2,"column":2},"end":{"line":2,"column":15}},"3":{"start":{"line":3,"column":2},"end":{"line":3,"column":36}},"4":{"start":{"line":4,"column":2},"end":{"line":4,"column":18}},"5":{"start":{"line":8,"column":0},"end":{"line":8,"column":29}}},"branchMap":{},"code":["function ExposedSpec(id, spec) {","  this.id = id;","  this.implements = spec.implements;","  this.a = spec.a;","}","","","module.exports = ExposedSpec;",""],"l":{"1":1,"2":0,"3":0,"4":0,"8":1}},"/home/travis/build/npmtest/node-npmtest-electrolyte/node_modules/electrolyte/lib/errors/specnotfound.js":{"path":"/home/travis/build/npmtest/node-npmtest-electrolyte/node_modules/electrolyte/lib/errors/specnotfound.js","s":{"1":1,"2":0,"3":0,"4":0,"5":0,"6":0,"7":1,"8":1},"b":{},"f":{"1":0},"fnMap":{"1":{"name":"SpecNotFoundError","line":6,"loc":{"start":{"line":6,"column":0},"end":{"line":6,"column":36}}}},"statementMap":{"1":{"start":{"line":6,"column":0},"end":{"line":12,"column":1}},"2":{"start":{"line":7,"column":2},"end":{"line":7,"column":19}},"3":{"start":{"line":8,"column":2},"end":{"line":8,"column":50}},"4":{"start":{"line":9,"column":2},"end":{"line":9,"column":34}},"5":{"start":{"line":10,"column":2},"end":{"line":10,"column":25}},"6":{"start":{"line":11,"column":2},"end":{"line":11,"column":31}},"7":{"start":{"line":17,"column":0},"end":{"line":17,"column":56}},"8":{"start":{"line":23,"column":0},"end":{"line":23,"column":35}}},"branchMap":{},"code":["/**"," * `SpecNotFound` error."," *"," * @api public"," */","function SpecNotFoundError(message) {","  Error.call(this);","  Error.captureStackTrace(this, arguments.callee);","  this.name = 'SpecNotFoundError';","  this.message = message;","  this.code = 'SPEC_NOT_FOUND';","}","","/**"," * Inherit from `Error`."," */","SpecNotFoundError.prototype.__proto__ = Error.prototype;","","","/**"," * Expose `SpecNotFoundError`."," */","module.exports = SpecNotFoundError;",""],"l":{"6":1,"7":0,"8":0,"9":0,"10":0,"11":0,"17":1,"23":1}},"/home/travis/build/npmtest/node-npmtest-electrolyte/node_modules/electrolyte/lib/resolvers/id.js":{"path":"/home/travis/build/npmtest/node-npmtest-electrolyte/node_modules/electrolyte/lib/resolvers/id.js","s":{"1":1,"2":1,"3":0,"4":0},"b":{"1":[0,0]},"f":{"1":1,"2":0},"fnMap":{"1":{"name":"(anonymous_1)","line":18,"loc":{"start":{"line":18,"column":17},"end":{"line":18,"column":28}}},"2":{"name":"(anonymous_2)","line":20,"loc":{"start":{"line":20,"column":9},"end":{"line":20,"column":22}}}},"statementMap":{"1":{"start":{"line":18,"column":0},"end":{"line":25,"column":2}},"2":{"start":{"line":20,"column":2},"end":{"line":24,"column":4}},"3":{"start":{"line":21,"column":4},"end":{"line":23,"column":5}},"4":{"start":{"line":22,"column":6},"end":{"line":22,"column":16}}},"branchMap":{"1":{"line":21,"type":"if","locations":[{"start":{"line":21,"column":4},"end":{"line":21,"column":4}},{"start":{"line":21,"column":4},"end":{"line":21,"column":4}}]}},"code":["/**"," * ID resolver."," *"," * Resolves object identifiers.  The identifier is resolved to itself, allowing"," * `@require` annotations to directly declare required objects by ID."," * Identifers must consist solely of alpha-numeric characters, as well as \".\" or"," * \"_\" or \"-\" characters."," *"," * This is the only resolver built into Electrolyte.  It is expected that"," * higher-level frameworks will add support for resolving interfaces to"," * objects.  Such extensions should mandate the use of a character that is"," * otherwise not valid in an identifer, in order to disambiguate.  For example,"," * this can be done by using URLs, which must include a \":\" character."," *"," * @return {function}"," * @public"," */","module.exports = function() {","  ","  return function(id) {","    if (/^[\\w\\-\\.\\/]+$/.test(id)) {","      return id;","    }","  };","};",""],"l":{"18":1,"20":1,"21":0,"22":0}},"/home/travis/build/npmtest/node-npmtest-electrolyte/node_modules/electrolyte/lib/sources/dir.js":{"path":"/home/travis/build/npmtest/node-npmtest-electrolyte/node_modules/electrolyte/lib/sources/dir.js","s":{"1":1,"2":1,"3":0,"4":0,"5":0,"6":0,"7":0,"8":0,"9":0,"10":0,"11":0},"b":{"1":[1,0],"2":[0,0],"3":[0,0],"4":[0,0],"5":[0,0]},"f":{"1":0,"2":0},"fnMap":{"1":{"name":"(anonymous_1)","line":32,"loc":{"start":{"line":32,"column":17},"end":{"line":32,"column":35}}},"2":{"name":"app","line":41,"loc":{"start":{"line":41,"column":9},"end":{"line":41,"column":26}}}},"statementMap":{"1":{"start":{"line":2,"column":0},"end":{"line":5,"column":49}},"2":{"start":{"line":32,"column":0},"end":{"line":48,"column":2}},"3":{"start":{"line":33,"column":2},"end":{"line":35,"column":3}},"4":{"start":{"line":34,"column":4},"end":{"line":34,"column":34}},"5":{"start":{"line":36,"column":2},"end":{"line":36,"column":26}},"6":{"start":{"line":37,"column":2},"end":{"line":39,"column":34}},"7":{"start":{"line":41,"column":2},"end":{"line":47,"column":4}},"8":{"start":{"line":42,"column":4},"end":{"line":43,"column":50}},"9":{"start":{"line":45,"column":4},"end":{"line":45,"column":40}},"10":{"start":{"line":45,"column":31},"end":{"line":45,"column":38}},"11":{"start":{"line":46,"column":4},"end":{"line":46,"column":27}}},"branchMap":{"1":{"line":5,"type":"binary-expr","locations":[{"start":{"line":5,"column":17},"end":{"line":5,"column":30}},{"start":{"line":5,"column":34},"end":{"line":5,"column":49}}]},"2":{"line":33,"type":"if","locations":[{"start":{"line":33,"column":2},"end":{"line":33,"column":2}},{"start":{"line":33,"column":2},"end":{"line":33,"column":2}}]},"3":{"line":36,"type":"binary-expr","locations":[{"start":{"line":36,"column":12},"end":{"line":36,"column":19}},{"start":{"line":36,"column":23},"end":{"line":36,"column":25}}]},"4":{"line":37,"type":"binary-expr","locations":[{"start":{"line":37,"column":16},"end":{"line":37,"column":31}},{"start":{"line":37,"column":35},"end":{"line":37,"column":40}}]},"5":{"line":45,"type":"if","locations":[{"start":{"line":45,"column":4},"end":{"line":45,"column":4}},{"start":{"line":45,"column":4},"end":{"line":45,"column":4}}]}},"code":["// Load modules.","var scripts = require('scripts')","  , path = require('path')","  , fs = require('fs')","  , existsSync = fs.existsSync || path.existsSync // node <=0.6","","","/**"," * Sources objects from a directory."," *"," * This source allows objects located in a directory on the file system to be"," * created and injected as dependencies."," *"," * This directory typically contains application-specific objects such as"," * proprietary classes and non-standardized endpoints."," *"," * Over the course of developing an application, it is normal for objects to"," * start out as application-specific.  After successive iterations, it is common"," * for these objects to be factored into reusable classes with well-defined"," * interfaces.  When that occurs, it is recommended for such classes to be"," * extracted from the application and packaged in a stand-alone source.  For"," * example, Bixby.js provides a suite of sources that are commonly required when"," * developing cloud services."," *"," * Examples:"," *"," *    IoC.use(IoC.dir('app'));"," *"," * @return {function}"," * @public"," */","module.exports = function(options) {","  if ('string' == typeof options) {","    options = { dirname: options }","  }","  options = options || {};","  var dirname = options.dirname || 'app'","    , extensions = options.extensions","    , dir = path.resolve(dirname);","  ","  return function app(id) {","    var aid = path.join(dir, id)","      , script = scripts.resolve(aid, extensions);","    ","    if (!existsSync(script)) { return; }","    return require(script);","  };","};",""],"l":{"2":1,"32":1,"33":0,"34":0,"36":0,"37":0,"41":0,"42":0,"45":0,"46":0}},"/home/travis/build/npmtest/node-npmtest-electrolyte/node_modules/electrolyte/lib/sources/node_modules.js":{"path":"/home/travis/build/npmtest/node-npmtest-electrolyte/node_modules/electrolyte/lib/sources/node_modules.js","s":{"1":1,"2":0,"3":0,"4":0,"5":0,"6":0,"7":0},"b":{},"f":{"1":0,"2":0},"fnMap":{"1":{"name":"(anonymous_1)","line":19,"loc":{"start":{"line":19,"column":17},"end":{"line":19,"column":28}}},"2":{"name":"(anonymous_2)","line":21,"loc":{"start":{"line":21,"column":9},"end":{"line":21,"column":22}}}},"statementMap":{"1":{"start":{"line":19,"column":0},"end":{"line":30,"column":2}},"2":{"start":{"line":21,"column":2},"end":{"line":29,"column":4}},"3":{"start":{"line":22,"column":4},"end":{"line":28,"column":5}},"4":{"start":{"line":23,"column":6},"end":{"line":23,"column":31}},"5":{"start":{"line":24,"column":6},"end":{"line":24,"column":32}},"6":{"start":{"line":25,"column":6},"end":{"line":25,"column":20}},"7":{"start":{"line":27,"column":6},"end":{"line":27,"column":13}}},"branchMap":{},"code":["/**"," * Sources node modules as objects."," *"," * This source allows node modules to be injected as dependencies."," *"," * This functionality is especially useful when developing objects that perform"," * network I/O.  For example, the MySQL module can be injected by `@require`ing"," * `mysql`.  Test cases can then easily swap the `mysql` module for a mock"," * module that allows unit tests to be written without requiring database"," * access."," *"," * Examples:"," *"," *    IoC.use(IoC.node_modules());"," *"," * @return {function}"," * @public"," */","module.exports = function() {","  ","  return function(id) {","    try {","      var module = require(id);","      module['@literal'] = true;","      return module;","    } catch (ex) {","      return;","    }","  };","};",""],"l":{"19":1,"21":0,"22":0,"23":0,"24":0,"25":0,"27":0}}}